{
  "numTotalTestSuites": 54,
  "numPassedTestSuites": 46,
  "numFailedTestSuites": 8,
  "numPendingTestSuites": 0,
  "numTotalTests": 157,
  "numPassedTests": 136,
  "numFailedTests": 21,
  "numPendingTests": 0,
  "numTodoTests": 0,
  "snapshot": {
    "added": 0,
    "failure": false,
    "filesAdded": 0,
    "filesRemoved": 0,
    "filesRemovedList": [],
    "filesUnmatched": 0,
    "filesUpdated": 0,
    "matched": 0,
    "total": 0,
    "unchecked": 0,
    "uncheckedKeysByFile": [],
    "unmatched": 0,
    "updated": 0,
    "didUpdate": false
  },
  "startTime": 1750266840429,
  "success": false,
  "testResults": [
    {
      "assertionResults": [
        {
          "ancestorTitles": ["Root Layout"],
          "fullName": "Root Layout renders children with all required providers",
          "status": "failed",
          "title": "renders children with all required providers",
          "duration": 11.671167000000082,
          "failureMessages": [
            "TestingLibraryElementError: Unable to find an element by: [data-testid=\"theme-provider\"]\n\nIgnored nodes: comments, script, style\n\u001b[36m<body>\u001b[39m\n  \u001b[36m<div />\u001b[39m\n\u001b[36m</body>\u001b[39m\n    at Object.getElementError (/Users/steipete/Projects/stats-store/node_modules/.pnpm/@testing-library+dom@10.4.0/node_modules/@testing-library/dom/dist/config.js:37:19)\n    at /Users/steipete/Projects/stats-store/node_modules/.pnpm/@testing-library+dom@10.4.0/node_modules/@testing-library/dom/dist/query-helpers.js:76:38\n    at /Users/steipete/Projects/stats-store/node_modules/.pnpm/@testing-library+dom@10.4.0/node_modules/@testing-library/dom/dist/query-helpers.js:52:17\n    at /Users/steipete/Projects/stats-store/node_modules/.pnpm/@testing-library+dom@10.4.0/node_modules/@testing-library/dom/dist/query-helpers.js:95:19\n    at /Users/steipete/Projects/stats-store/tests/app/layout.test.tsx:36:19\n    at file:///Users/steipete/Projects/stats-store/node_modules/.pnpm/@vitest+runner@3.2.4/node_modules/@vitest/runner/dist/chunk-hooks.js:155:11\n    at file:///Users/steipete/Projects/stats-store/node_modules/.pnpm/@vitest+runner@3.2.4/node_modules/@vitest/runner/dist/chunk-hooks.js:752:26\n    at file:///Users/steipete/Projects/stats-store/node_modules/.pnpm/@vitest+runner@3.2.4/node_modules/@vitest/runner/dist/chunk-hooks.js:1897:20\n    at new Promise (<anonymous>)\n    at runWithTimeout (file:///Users/steipete/Projects/stats-store/node_modules/.pnpm/@vitest+runner@3.2.4/node_modules/@vitest/runner/dist/chunk-hooks.js:1863:10)"
          ],
          "meta": {}
        },
        {
          "ancestorTitles": ["Root Layout"],
          "fullName": "Root Layout verifies layout structure",
          "status": "failed",
          "title": "verifies layout structure",
          "duration": 0.4335000000000946,
          "failureMessages": [
            "TypeError: Cannot read properties of undefined (reading 'type')\n    at /Users/steipete/Projects/stats-store/tests/app/layout.test.tsx:54:17\n    at file:///Users/steipete/Projects/stats-store/node_modules/.pnpm/@vitest+runner@3.2.4/node_modules/@vitest/runner/dist/chunk-hooks.js:155:11\n    at file:///Users/steipete/Projects/stats-store/node_modules/.pnpm/@vitest+runner@3.2.4/node_modules/@vitest/runner/dist/chunk-hooks.js:752:26\n    at file:///Users/steipete/Projects/stats-store/node_modules/.pnpm/@vitest+runner@3.2.4/node_modules/@vitest/runner/dist/chunk-hooks.js:1897:20\n    at new Promise (<anonymous>)\n    at runWithTimeout (file:///Users/steipete/Projects/stats-store/node_modules/.pnpm/@vitest+runner@3.2.4/node_modules/@vitest/runner/dist/chunk-hooks.js:1863:10)\n    at runTest (file:///Users/steipete/Projects/stats-store/node_modules/.pnpm/@vitest+runner@3.2.4/node_modules/@vitest/runner/dist/chunk-hooks.js:1574:12)\n    at processTicksAndRejections (node:internal/process/task_queues:105:5)\n    at runSuite (file:///Users/steipete/Projects/stats-store/node_modules/.pnpm/@vitest+runner@3.2.4/node_modules/@vitest/runner/dist/chunk-hooks.js:1729:8)\n    at runSuite (file:///Users/steipete/Projects/stats-store/node_modules/.pnpm/@vitest+runner@3.2.4/node_modules/@vitest/runner/dist/chunk-hooks.js:1729:8)"
          ],
          "meta": {}
        },
        {
          "ancestorTitles": ["Root Layout"],
          "fullName": "Root Layout sets theme provider attributes correctly",
          "status": "failed",
          "title": "sets theme provider attributes correctly",
          "duration": 0.7493339999999762,
          "failureMessages": [
            "TestingLibraryElementError: Unable to find an element by: [data-testid=\"theme-provider\"]\n\nIgnored nodes: comments, script, style\n\u001b[36m<body>\u001b[39m\n  \u001b[36m<div />\u001b[39m\n\u001b[36m</body>\u001b[39m\n    at Object.getElementError (/Users/steipete/Projects/stats-store/node_modules/.pnpm/@testing-library+dom@10.4.0/node_modules/@testing-library/dom/dist/config.js:37:19)\n    at /Users/steipete/Projects/stats-store/node_modules/.pnpm/@testing-library+dom@10.4.0/node_modules/@testing-library/dom/dist/query-helpers.js:76:38\n    at /Users/steipete/Projects/stats-store/node_modules/.pnpm/@testing-library+dom@10.4.0/node_modules/@testing-library/dom/dist/query-helpers.js:52:17\n    at /Users/steipete/Projects/stats-store/node_modules/.pnpm/@testing-library+dom@10.4.0/node_modules/@testing-library/dom/dist/query-helpers.js:95:19\n    at /Users/steipete/Projects/stats-store/tests/app/layout.test.tsx:64:34\n    at file:///Users/steipete/Projects/stats-store/node_modules/.pnpm/@vitest+runner@3.2.4/node_modules/@vitest/runner/dist/chunk-hooks.js:155:11\n    at file:///Users/steipete/Projects/stats-store/node_modules/.pnpm/@vitest+runner@3.2.4/node_modules/@vitest/runner/dist/chunk-hooks.js:752:26\n    at file:///Users/steipete/Projects/stats-store/node_modules/.pnpm/@vitest+runner@3.2.4/node_modules/@vitest/runner/dist/chunk-hooks.js:1897:20\n    at new Promise (<anonymous>)\n    at runWithTimeout (file:///Users/steipete/Projects/stats-store/node_modules/.pnpm/@vitest+runner@3.2.4/node_modules/@vitest/runner/dist/chunk-hooks.js:1863:10)"
          ],
          "meta": {}
        },
        {
          "ancestorTitles": ["Root Layout"],
          "fullName": "Root Layout renders multiple children correctly",
          "status": "failed",
          "title": "renders multiple children correctly",
          "duration": 1.5035830000000487,
          "failureMessages": [
            "TestingLibraryElementError: Unable to find an element with the text: Header. This could be because the text is broken up by multiple elements. In this case, you can provide a function for your text matcher to make your matcher more flexible.\n\nIgnored nodes: comments, script, style\n\u001b[36m<body>\u001b[39m\n  \u001b[36m<div />\u001b[39m\n\u001b[36m</body>\u001b[39m\n    at Object.getElementError (/Users/steipete/Projects/stats-store/node_modules/.pnpm/@testing-library+dom@10.4.0/node_modules/@testing-library/dom/dist/config.js:37:19)\n    at /Users/steipete/Projects/stats-store/node_modules/.pnpm/@testing-library+dom@10.4.0/node_modules/@testing-library/dom/dist/query-helpers.js:76:38\n    at /Users/steipete/Projects/stats-store/node_modules/.pnpm/@testing-library+dom@10.4.0/node_modules/@testing-library/dom/dist/query-helpers.js:52:17\n    at /Users/steipete/Projects/stats-store/node_modules/.pnpm/@testing-library+dom@10.4.0/node_modules/@testing-library/dom/dist/query-helpers.js:95:19\n    at /Users/steipete/Projects/stats-store/tests/app/layout.test.tsx:82:19\n    at file:///Users/steipete/Projects/stats-store/node_modules/.pnpm/@vitest+runner@3.2.4/node_modules/@vitest/runner/dist/chunk-hooks.js:155:11\n    at file:///Users/steipete/Projects/stats-store/node_modules/.pnpm/@vitest+runner@3.2.4/node_modules/@vitest/runner/dist/chunk-hooks.js:752:26\n    at file:///Users/steipete/Projects/stats-store/node_modules/.pnpm/@vitest+runner@3.2.4/node_modules/@vitest/runner/dist/chunk-hooks.js:1897:20\n    at new Promise (<anonymous>)\n    at runWithTimeout (file:///Users/steipete/Projects/stats-store/node_modules/.pnpm/@vitest+runner@3.2.4/node_modules/@vitest/runner/dist/chunk-hooks.js:1863:10)"
          ],
          "meta": {}
        },
        {
          "ancestorTitles": ["Layout Metadata"],
          "fullName": "Layout Metadata exports correct metadata",
          "status": "passed",
          "title": "exports correct metadata",
          "duration": 0.43954200000007404,
          "failureMessages": [],
          "meta": {}
        }
      ],
      "startTime": 1750266841280,
      "endTime": 1750266841294.5037,
      "status": "failed",
      "message": "",
      "name": "/Users/steipete/Projects/stats-store/tests/app/layout.test.tsx"
    },
    {
      "assertionResults": [
        {
          "ancestorTitles": ["Dashboard Page"],
          "fullName": "Dashboard Page renders dashboard with all data successfully",
          "status": "failed",
          "title": "renders dashboard with all data successfully",
          "duration": 84.48666700000012,
          "failureMessages": [
            "TestingLibraryElementError: Unable to find an element with the text: Sparkle Update Statistics. This could be because the text is broken up by multiple elements. In this case, you can provide a function for your text matcher to make your matcher more flexible.\n\nIgnored nodes: comments, script, style\n\u001b[36m<body>\u001b[39m\n  \u001b[36m<div>\u001b[39m\n    \u001b[36m<main\u001b[39m\n      \u001b[33mclass\u001b[39m=\u001b[32m\"p-4 md:p-6 lg:p-8 mx-auto max-w-7xl bg-background text-foreground min-h-screen\"\u001b[39m\n    \u001b[36m>\u001b[39m\n      \u001b[36m<div\u001b[39m\n        \u001b[33mclass\u001b[39m=\u001b[32m\"tremor-Flex-root flex w-full flex-row justify-between items-center mb-8\"\u001b[39m\n      \u001b[36m>\u001b[39m\n        \u001b[36m<p\u001b[39m\n          \u001b[33mclass\u001b[39m=\u001b[32m\"dark:text-dark-tremor-content-strong text-3xl font-semibold text-foreground\"\u001b[39m\n        \u001b[36m>\u001b[39m\n          \u001b[0mstats.store - Fast, open, privacy-first analytics for Sparkle\u001b[0m\n        \u001b[36m</p>\u001b[39m\n      \u001b[36m</div>\u001b[39m\n      \u001b[36m<div\u001b[39m\n        \u001b[33mclass\u001b[39m=\u001b[32m\"grid grid-cols-1 md:grid-cols-2 gap-4 mb-8 items-center\"\u001b[39m\n      \u001b[36m>\u001b[39m\n        \u001b[36m<div\u001b[39m\n          \u001b[33mclass\u001b[39m=\u001b[32m\"relative overflow-hidden w-full h-10 rounded-lg bg-input text-foreground border border-input-border shadow-subtle focus-within:ring-2 focus-within:ring-ring focus-within:border-primary transition-colors duration-150 ease-in-out\"\u001b[39m\n        \u001b[36m>\u001b[39m\n          \u001b[36m<select\u001b[39m\n            \u001b[33mclass\u001b[39m=\u001b[32m\"w-full h-full appearance-none pl-3 pr-10 py-0 bg-transparent text-foreground focus:outline-none rounded-lg\"\u001b[39m\n          \u001b[36m>\u001b[39m\n            \u001b[36m<option\u001b[39m\n              \u001b[33mclass\u001b[39m=\u001b[32m\"text-foreground bg-background dark:bg-popover\"\u001b[39m\n              \u001b[33mvalue\u001b[39m=\u001b[32m\"all\"\u001b[39m\n            \u001b[36m>\u001b[39m\n              \u001b[0mAll Apps\u001b[0m\n            \u001b[36m</option>\u001b[39m\n            \u001b[36m<option\u001b[39m\n              \u001b[33mclass\u001b[39m=\u001b[32m\"text-foreground bg-background dark:bg-popover\"\u001b[39m\n              \u001b[33mvalue\u001b[39m=\u001b[32m\"1\"\u001b[39m\n            \u001b[36m>\u001b[39m\n              \u001b[0mTest App 1\u001b[0m\n            \u001b[36m</option>\u001b[39m\n            \u001b[36m<option\u001b[39m\n              \u001b[33mclass\u001b[39m=\u001b[32m\"text-foreground bg-background dark:bg-popover\"\u001b[39m\n              \u001b[33mvalue\u001b[39m=\u001b[32m\"2\"\u001b[39m\n            \u001b[36m>\u001b[39m\n              \u001b[0mTest App 2\u001b[0m\n            \u001b[36m</option>\u001b[39m\n            \u001b[36m<option\u001b[39m\n              \u001b[33mclass\u001b[39m=\u001b[32m\"text-foreground bg-background dark:bg-popover\"\u001b[39m\n              \u001b[33mvalue\u001b[39m=\u001b[32m\"3\"\u001b[39m\n            \u001b[36m>\u001b[39m\n              \u001b[0mTest App 3\u001b[0m\n            \u001b[36m</option>\u001b[39m\n          \u001b[36m</select>\u001b[39m\n          \u001b[36m<svg\u001b[39m\n            \u001b[33maria-hidden\u001b[39m=\u001b[32m\"true\"\u001b[39m\n            \u001b[33mclass\u001b[39m=\u001b[32m\"absolute right-3 top-1/2 -translate-y-1/2 h-5 w-5 text-muted-foreground pointer-events-none\"\u001b[39m\n            \u001b[33mdata-slot\u001b[39m=\u001b[32m\"icon\"\u001b[39m\n            \u001b[33mfill\u001b[39m=\u001b[32m\"none\"\u001b[39m\n            \u001b[33mstroke\u001b[39m=\u001b[32m\"currentColor\"\u001b[39m\n            \u001b[33mstroke-width\u001b[39m=\u001b[32m\"1.5\"\u001b[39m\n            \u001b[33mviewBox\u001b[39m=\u001b[32m\"0 0 24 24\"\u001b[39m\n            \u001b[33mxmlns\u001b[39m=\u001b[32m\"http://www.w3.org/2000/svg\"\u001b[39m\n          \u001b[36m>\u001b[39m\n            \u001b[36m<path\u001b[39m\n              \u001b[33md\u001b[39m=\u001b[32m\"m19.5 8.25-7.5 7.5-7.5-7.5\"\u001b[39m\n              \u001b[33mstroke-linecap\u001b[39m=\u001b[32m\"round\"\u001b[39m\n              \u001b[33mstroke-linejoin\u001b[39m=\u001b[32m\"round\"\u001b[39m\n            \u001b[36m/>\u001b[39m\n          \u001b[36m</svg>\u001b[39m\n        \u001b[36m</div>\u001b[39m\n        \u001b[36m<div\u001b[39m\n          \u001b[33mclass\u001b[39m=\u001b[32m\"w-full h-10 rounded-lg bg-input text-foreground border border-input-border shadow-subtle focus-within:ring-2 focus-within:ring-ring focus-within:border-primary transition-colors duration-150 ease-in-out p-0 flex items-center overflow-hidden\"\u001b[39m\n        \u001b[36m>\u001b[39m\n          \u001b[36m<div\u001b[39m\n            \u001b[33mclass\u001b[39m=\u001b[32m\"min-w-[10rem] relative flex justify-between text-tremor-default max-w-sm shadow-tremor-input dark:shadow-dark-tremor-input rounded-tremor-default w-full h-full [&>button]:h-full [&>button]:w-full [&>button]:rounded-lg [&>button]:border-0 hover:[&>button]:bg-secondary/30 focus:[&>button]:ring-0 focus:outline-none [&>button]:text-foreground [&>button]:pr-10\"\u001b[39m\n          \u001b[36m>\u001b[39m\n            \u001b[36m<div\u001b[39m\n              \u001b[33mclass\u001b[39m=\u001b[32m\"w-full rounded-l-tremor-default\"\u001b[39m\n              \u001b[33mdata-headlessui-state\u001b[39m=\u001b[32m\"\"\u001b[39m\n            \u001b[36m>\u001b[39m\n              \u001b[36m<div\u001b[39m\n                \u001b[33mclass\u001b[39m=\u001b[32m\"relative w-full\"\u001b[39m\n              \u001b[36m>\u001b[39m\n                \u001b[36m<button\u001b[39m\n                  \u001b[33maria-expanded\u001b[39m=\u001b[32m\"false\"\u001b[39m\n                  \u001b[33mclass\u001b[39m=\u001b[32m\"w-full outline-none text-left whitespace-nowrap truncate focus:ring-2 transition duration-100 rounded-l-tremor-default flex flex-nowrap border pl-3 py-2 rounded-l-tremor-default focus:border-tremor-brand-subtle focus:ring-tremor-brand-muted dark:focus:border-dark-tremor-brand-subtle dark:focus:ring-dark-tremor-brand-muted rounded-l-tremor-default pr-8 bg-tremor-background dark:bg-dark-tremor-background hover:bg-tremor-background-muted dark:hover:bg-dark-tremor-background-muted text-tremor-content-emphasis dark:text-dark-tremor-content-emphasis border-tremor-border dark:border-dark-tremor-border\"\u001b[39m\n                  \u001b[33mdata-headlessui-state\u001b[39m=\u001b[32m\"\"\u001b[39m\n                  \u001b[33mid\u001b[39m=\u001b[32m\"headlessui-popover-button-«r2»\"\u001b[39m\n                  \u001b[33mtype\u001b[39m=\u001b[32m\"button\"\u001b[39m\n                \u001b[36m>\u001b[39m\n                  \u001b[36m<svg\u001b[39m\n                    \u001b[33maria-hidden\u001b[39m=\u001b[32m\"true\"\u001b[39m\n                    \u001b[33mclass\u001b[39m=\u001b[32m\"tremor-DateRangePicker-calendarIcon flex-none shrink-0 h-5 w-5 -ml-0.5 mr-2 text-tremor-content-subtle dark:text-dark-tremor-content-subtle\"\u001b[39m\n                    \u001b[33mfill\u001b[39m=\u001b[32m\"currentColor\"\u001b[39m\n                    \u001b[33mviewBox\u001b[39m=\u001b[32m\"0 0 20 20\"\u001b[39m\n                    \u001b[33mxmlns\u001b[39m=\u001b[32m\"http://www.w3.org/2000/svg\"\u001b[39m\n                  \u001b[36m>\u001b[39m\n                    \u001b[36m<path\u001b[39m\n                      \u001b[33mclip-rule\u001b[39m=\u001b[32m\"evenodd\"\u001b[39m\n                      \u001b[33md\u001b[39m=\u001b[32m\"M6 2a1 1 0 00-1 1v1H4a2 2 0 00-2 2v10a2 2 0 002 2h12a2 2 0 002-2V6a2 2 0 00-2-2h-1V3a1 1 0 10-2 0v1H7V3a1 1 0 00-1-1zm0 5a1 1 0 000 2h8a1 1 0 100-2H6z\"\u001b[39m\n                      \u001b[33mfill-rule\u001b[39m=\u001b[32m\"evenodd\"\u001b[39m\n                    \u001b[36m/>\u001b[39m\n                  \u001b[36m</svg>\u001b[39m\n                  \u001b[36m<p\u001b[39m\n                    \u001b[33mclass\u001b[39m=\u001b[32m\"truncate\"\u001b[39m\n                  \u001b[36m>\u001b[39m\n                    \u001b[0mMay 20, 2025 - \n                    Jun 18, 2025\u001b[0m\n                  \u001b[36m</p>\u001b[39m\n                \u001b[36m</button>\u001b[39m\n                \u001b[36m<button\u001b[39m\n                  \u001b[33mclass\u001b[39m=\u001b[32m\"absolute outline-none inset-y-0 right-0 flex items-center transition duration-100 mr-4\"\u001b[39m\n                  \u001b[33mtype\u001b[39m=\u001b[32m\"button\"\u001b[39m\n                \u001b[36m>\u001b[39m\n                  \u001b[36m<svg\u001b[39m\n                    \u001b[33mclass\u001b[39m=\u001b[32m\"tremor-DateRangePicker-clearIcon flex-none h-4 w-4 text-tremor-content-subtle dark:text-dark-tremor-content-subtle\"\u001b[39m\n                    \u001b[33mfill\u001b[39m=\u001b[32m\"currentColor\"\u001b[39m\n                    \u001b[33mviewBox\u001b[39m=\u001b[32m\"0 0 24 24\"\u001b[39m\n                    \u001b[33mxmlns\u001b[39m=\u001b[32m\"http://www.w3.org/2000/svg\"\u001b[39m\n                  \u001b[36m>\u001b[39...\n    at Object.getElementError (/Users/steipete/Projects/stats-store/node_modules/.pnpm/@testing-library+dom@10.4.0/node_modules/@testing-library/dom/dist/config.js:37:19)\n    at /Users/steipete/Projects/stats-store/node_modules/.pnpm/@testing-library+dom@10.4.0/node_modules/@testing-library/dom/dist/query-helpers.js:76:38\n    at /Users/steipete/Projects/stats-store/node_modules/.pnpm/@testing-library+dom@10.4.0/node_modules/@testing-library/dom/dist/query-helpers.js:52:17\n    at /Users/steipete/Projects/stats-store/node_modules/.pnpm/@testing-library+dom@10.4.0/node_modules/@testing-library/dom/dist/query-helpers.js:95:19\n    at /Users/steipete/Projects/stats-store/tests/app/page.test.tsx:68:19\n    at processTicksAndRejections (node:internal/process/task_queues:105:5)\n    at file:///Users/steipete/Projects/stats-store/node_modules/.pnpm/@vitest+runner@3.2.4/node_modules/@vitest/runner/dist/chunk-hooks.js:752:20"
          ],
          "meta": {}
        },
        {
          "ancestorTitles": ["Dashboard Page"],
          "fullName": "Dashboard Page handles app filtering correctly",
          "status": "failed",
          "title": "handles app filtering correctly",
          "duration": 22.63870799999995,
          "failureMessages": [
            "AssertionError: expected \"spy\" to be called with arguments: [ 'app_id', '1' ]\u001b[90m\n\nNumber of calls: \u001b[1m0\u001b[22m\n\u001b[39m\n    at Proxy.<anonymous> (file:///Users/steipete/Projects/stats-store/node_modules/.pnpm/@vitest+expect@3.2.4/node_modules/@vitest/expect/dist/index.js:1355:10)\n    at Proxy.<anonymous> (file:///Users/steipete/Projects/stats-store/node_modules/.pnpm/@vitest+expect@3.2.4/node_modules/@vitest/expect/dist/index.js:1029:14)\n    at Proxy.methodWrapper (file:///Users/steipete/Projects/stats-store/node_modules/.pnpm/chai@5.2.0/node_modules/chai/chai.js:1618:25)\n    at /Users/steipete/Projects/stats-store/tests/app/page.test.tsx:111:25\n    at processTicksAndRejections (node:internal/process/task_queues:105:5)\n    at file:///Users/steipete/Projects/stats-store/node_modules/.pnpm/@vitest+runner@3.2.4/node_modules/@vitest/runner/dist/chunk-hooks.js:752:20"
          ],
          "meta": {}
        },
        {
          "ancestorTitles": ["Dashboard Page"],
          "fullName": "Dashboard Page handles date range filtering correctly",
          "status": "failed",
          "title": "handles date range filtering correctly",
          "duration": 0.886583999999857,
          "failureMessages": [
            "AssertionError: expected \"spy\" to be called at least once\n    at Proxy.<anonymous> (file:///Users/steipete/Projects/stats-store/node_modules/.pnpm/@vitest+expect@3.2.4/node_modules/@vitest/expect/dist/index.js:1335:10)\n    at Proxy.<anonymous> (file:///Users/steipete/Projects/stats-store/node_modules/.pnpm/@vitest+expect@3.2.4/node_modules/@vitest/expect/dist/index.js:1029:14)\n    at Proxy.methodWrapper (file:///Users/steipete/Projects/stats-store/node_modules/.pnpm/chai@5.2.0/node_modules/chai/chai.js:1618:25)\n    at /Users/steipete/Projects/stats-store/tests/app/page.test.tsx:139:26\n    at processTicksAndRejections (node:internal/process/task_queues:105:5)\n    at file:///Users/steipete/Projects/stats-store/node_modules/.pnpm/@vitest+runner@3.2.4/node_modules/@vitest/runner/dist/chunk-hooks.js:752:20"
          ],
          "meta": {}
        },
        {
          "ancestorTitles": ["Dashboard Page"],
          "fullName": "Dashboard Page displays error states when data fetching fails",
          "status": "failed",
          "title": "displays error states when data fetching fails",
          "duration": 16.844624999999724,
          "failureMessages": [
            "TestingLibraryElementError: Unable to find an element with the text: Sparkle Update Statistics. This could be because the text is broken up by multiple elements. In this case, you can provide a function for your text matcher to make your matcher more flexible.\n\nIgnored nodes: comments, script, style\n\u001b[36m<body>\u001b[39m\n  \u001b[36m<div>\u001b[39m\n    \u001b[36m<main\u001b[39m\n      \u001b[33mclass\u001b[39m=\u001b[32m\"p-4 md:p-6 lg:p-8 mx-auto max-w-7xl bg-background text-foreground min-h-screen\"\u001b[39m\n    \u001b[36m>\u001b[39m\n      \u001b[36m<div\u001b[39m\n        \u001b[33mclass\u001b[39m=\u001b[32m\"tremor-Flex-root flex w-full flex-row justify-between items-center mb-8\"\u001b[39m\n      \u001b[36m>\u001b[39m\n        \u001b[36m<p\u001b[39m\n          \u001b[33mclass\u001b[39m=\u001b[32m\"dark:text-dark-tremor-content-strong text-3xl font-semibold text-foreground\"\u001b[39m\n        \u001b[36m>\u001b[39m\n          \u001b[0mstats.store - Fast, open, privacy-first analytics for Sparkle\u001b[0m\n        \u001b[36m</p>\u001b[39m\n      \u001b[36m</div>\u001b[39m\n      \u001b[36m<div\u001b[39m\n        \u001b[33mclass\u001b[39m=\u001b[32m\"grid grid-cols-1 md:grid-cols-2 gap-4 mb-8 items-center\"\u001b[39m\n      \u001b[36m>\u001b[39m\n        \u001b[36m<div\u001b[39m\n          \u001b[33mclass\u001b[39m=\u001b[32m\"flex items-center space-x-2 p-2.5 border h-10 text-sm border-destructive/50 bg-destructive/10 text-destructive rounded-lg\"\u001b[39m\n        \u001b[36m>\u001b[39m\n          \u001b[36m<svg\u001b[39m\n            \u001b[33maria-hidden\u001b[39m=\u001b[32m\"true\"\u001b[39m\n            \u001b[33mclass\u001b[39m=\u001b[32m\"h-5 w-5 shrink-0\"\u001b[39m\n            \u001b[33mdata-slot\u001b[39m=\u001b[32m\"icon\"\u001b[39m\n            \u001b[33mfill\u001b[39m=\u001b[32m\"none\"\u001b[39m\n            \u001b[33mstroke\u001b[39m=\u001b[32m\"currentColor\"\u001b[39m\n            \u001b[33mstroke-width\u001b[39m=\u001b[32m\"1.5\"\u001b[39m\n            \u001b[33mviewBox\u001b[39m=\u001b[32m\"0 0 24 24\"\u001b[39m\n            \u001b[33mxmlns\u001b[39m=\u001b[32m\"http://www.w3.org/2000/svg\"\u001b[39m\n          \u001b[36m>\u001b[39m\n            \u001b[36m<path\u001b[39m\n              \u001b[33md\u001b[39m=\u001b[32m\"M12 9v3.75m9-.75a9 9 0 1 1-18 0 9 9 0 0 1 18 0Zm-9 3.75h.008v.008H12v-.008Z\"\u001b[39m\n              \u001b[33mstroke-linecap\u001b[39m=\u001b[32m\"round\"\u001b[39m\n              \u001b[33mstroke-linejoin\u001b[39m=\u001b[32m\"round\"\u001b[39m\n            \u001b[36m/>\u001b[39m\n          \u001b[36m</svg>\u001b[39m\n          \u001b[36m<span\u001b[39m\n            \u001b[33mclass\u001b[39m=\u001b[32m\"truncate\"\u001b[39m\n          \u001b[36m>\u001b[39m\n            \u001b[0mCould not load app list.\u001b[0m\n          \u001b[36m</span>\u001b[39m\n        \u001b[36m</div>\u001b[39m\n        \u001b[36m<div\u001b[39m\n          \u001b[33mclass\u001b[39m=\u001b[32m\"w-full h-10 rounded-lg bg-input text-foreground border border-input-border shadow-subtle focus-within:ring-2 focus-within:ring-ring focus-within:border-primary transition-colors duration-150 ease-in-out p-0 flex items-center overflow-hidden\"\u001b[39m\n        \u001b[36m>\u001b[39m\n          \u001b[36m<div\u001b[39m\n            \u001b[33mclass\u001b[39m=\u001b[32m\"min-w-[10rem] relative flex justify-between text-tremor-default max-w-sm shadow-tremor-input dark:shadow-dark-tremor-input rounded-tremor-default w-full h-full [&>button]:h-full [&>button]:w-full [&>button]:rounded-lg [&>button]:border-0 hover:[&>button]:bg-secondary/30 focus:[&>button]:ring-0 focus:outline-none [&>button]:text-foreground [&>button]:pr-10\"\u001b[39m\n          \u001b[36m>\u001b[39m\n            \u001b[36m<div\u001b[39m\n              \u001b[33mclass\u001b[39m=\u001b[32m\"w-full rounded-l-tremor-default\"\u001b[39m\n              \u001b[33mdata-headlessui-state\u001b[39m=\u001b[32m\"\"\u001b[39m\n            \u001b[36m>\u001b[39m\n              \u001b[36m<div\u001b[39m\n                \u001b[33mclass\u001b[39m=\u001b[32m\"relative w-full\"\u001b[39m\n              \u001b[36m>\u001b[39m\n                \u001b[36m<button\u001b[39m\n                  \u001b[33maria-expanded\u001b[39m=\u001b[32m\"false\"\u001b[39m\n                  \u001b[33mclass\u001b[39m=\u001b[32m\"w-full outline-none text-left whitespace-nowrap truncate focus:ring-2 transition duration-100 rounded-l-tremor-default flex flex-nowrap border pl-3 py-2 rounded-l-tremor-default focus:border-tremor-brand-subtle focus:ring-tremor-brand-muted dark:focus:border-dark-tremor-brand-subtle dark:focus:ring-dark-tremor-brand-muted rounded-l-tremor-default pr-8 bg-tremor-background dark:bg-dark-tremor-background hover:bg-tremor-background-muted dark:hover:bg-dark-tremor-background-muted text-tremor-content-emphasis dark:text-dark-tremor-content-emphasis border-tremor-border dark:border-dark-tremor-border\"\u001b[39m\n                  \u001b[33mdata-headlessui-state\u001b[39m=\u001b[32m\"\"\u001b[39m\n                  \u001b[33mid\u001b[39m=\u001b[32m\"headlessui-popover-button-«ri»\"\u001b[39m\n                  \u001b[33mtype\u001b[39m=\u001b[32m\"button\"\u001b[39m\n                \u001b[36m>\u001b[39m\n                  \u001b[36m<svg\u001b[39m\n                    \u001b[33maria-hidden\u001b[39m=\u001b[32m\"true\"\u001b[39m\n                    \u001b[33mclass\u001b[39m=\u001b[32m\"tremor-DateRangePicker-calendarIcon flex-none shrink-0 h-5 w-5 -ml-0.5 mr-2 text-tremor-content-subtle dark:text-dark-tremor-content-subtle\"\u001b[39m\n                    \u001b[33mfill\u001b[39m=\u001b[32m\"currentColor\"\u001b[39m\n                    \u001b[33mviewBox\u001b[39m=\u001b[32m\"0 0 20 20\"\u001b[39m\n                    \u001b[33mxmlns\u001b[39m=\u001b[32m\"http://www.w3.org/2000/svg\"\u001b[39m\n                  \u001b[36m>\u001b[39m\n                    \u001b[36m<path\u001b[39m\n                      \u001b[33mclip-rule\u001b[39m=\u001b[32m\"evenodd\"\u001b[39m\n                      \u001b[33md\u001b[39m=\u001b[32m\"M6 2a1 1 0 00-1 1v1H4a2 2 0 00-2 2v10a2 2 0 002 2h12a2 2 0 002-2V6a2 2 0 00-2-2h-1V3a1 1 0 10-2 0v1H7V3a1 1 0 00-1-1zm0 5a1 1 0 000 2h8a1 1 0 100-2H6z\"\u001b[39m\n                      \u001b[33mfill-rule\u001b[39m=\u001b[32m\"evenodd\"\u001b[39m\n                    \u001b[36m/>\u001b[39m\n                  \u001b[36m</svg>\u001b[39m\n                  \u001b[36m<p\u001b[39m\n                    \u001b[33mclass\u001b[39m=\u001b[32m\"truncate\"\u001b[39m\n                  \u001b[36m>\u001b[39m\n                    \u001b[0mMay 20, 2025 - \n                    Jun 18, 2025\u001b[0m\n                  \u001b[36m</p>\u001b[39m\n                \u001b[36m</button>\u001b[39m\n                \u001b[36m<button\u001b[39m\n                  \u001b[33mclass\u001b[39m=\u001b[32m\"absolute outline-none inset-y-0 right-0 flex items-center transition duration-100 mr-4\"\u001b[39m\n                  \u001b[33mtype\u001b[39m=\u001b[32m\"button\"\u001b[39m\n                \u001b[36m>\u001b[39m\n                  \u001b[36m<svg\u001b[39m\n                    \u001b[33mclass\u001b[39m=\u001b[32m\"tremor-DateRangePicker-clearIcon flex-none h-4 w-4 text-tremor-content-subtle dark:text-dark-tremor-content-subtle\"\u001b[39m\n                    \u001b[33mfill\u001b[39m=\u001b[32m\"currentColor\"\u001b[39m\n                    \u001b[33mviewBox\u001b[39m=\u001b[32m\"0 0 24 24\"\u001b[39m\n                    \u001b[33mxmlns\u001b[39m=\u001b[32m\"http://www.w3.org/2000/svg\"\u001b[39m\n                  \u001b[36m>\u001b[39m\n                    \u001b[36m<path\u001b[39m\n                      \u001b[33md\u001b[39m=\u001b[32m\"M12 22C6.47715 22 2 17.5228 2 12C2 6.47715 6.47715 2 12 2C17.5228 2 22 6.47715 22 12C22 17.5228 17.5228 22 12 22ZM12 10.5858L9.17157 7.75736L7.75736 9.17157L10.5858 12L7.75736 14.8284L9.17157 16.2426L12 13.4142L14.8284 16.2426L16.2426 14.8284L13.4142 12L16.2426 9.17157L14.8284 7.75736L12 10.5858Z\"\u001b[39m\n                    \u001b[36m/>\u001b[39m\n                  \u001b[36m</svg>\u001b[39m\n                \u001b[36m</button>\u001b[39m\n              \u001b[36m</div>\u001b[39m\n            \u001b[36m</div>\u001b[39m\n            \u001b[36m<div\u001b[39m\n              \u001b[33mclass\u001b[39m=\u001b[32m\"w-48 -ml-px rounded-r-tremor-default\"\u001b[39m\n              \u001b[33mdata-headlessui-state\u001b[39m=\u001b[32m\"\"\u001b[39m\n            \u001b[36m>\u001b[39m\n              \u001b[36m<button\u001b[39m\n                \u001b[33maria-expanded\u001b[39m=\u001b[32m\"false\"\u001b[39m\n                \u001b[33maria-haspopup\u001b[39m=\u001b[32m\"listbox\"\u001b[39m\n                \u001b[33mclass\u001b[39m=\u001b[32m\"w-full outline-none text-left whitespace-nowrap truncate rounded-r-tremor-default transition duration-100 border px-4 py-2 focus:border-tremor-brand-subtle dark:focus:border-dark-tremor-brand-subtle bg-tremor-background dark:bg-dark-tremor-background hover:bg-tremor-bac...\n    at Object.getElementError (/Users/steipete/Projects/stats-store/node_modules/.pnpm/@testing-library+dom@10.4.0/node_modules/@testing-library/dom/dist/config.js:37:19)\n    at /Users/steipete/Projects/stats-store/node_modules/.pnpm/@testing-library+dom@10.4.0/node_modules/@testing-library/dom/dist/query-helpers.js:76:38\n    at /Users/steipete/Projects/stats-store/node_modules/.pnpm/@testing-library+dom@10.4.0/node_modules/@testing-library/dom/dist/query-helpers.js:52:17\n    at /Users/steipete/Projects/stats-store/node_modules/.pnpm/@testing-library+dom@10.4.0/node_modules/@testing-library/dom/dist/query-helpers.js:95:19\n    at /Users/steipete/Projects/stats-store/tests/app/page.test.tsx:155:19\n    at processTicksAndRejections (node:internal/process/task_queues:105:5)\n    at file:///Users/steipete/Projects/stats-store/node_modules/.pnpm/@vitest+runner@3.2.4/node_modules/@vitest/runner/dist/chunk-hooks.js:752:20"
          ],
          "meta": {}
        },
        {
          "ancestorTitles": ["Dashboard Page"],
          "fullName": "Dashboard Page handles empty data gracefully",
          "status": "failed",
          "title": "handles empty data gracefully",
          "duration": 14.775042000000212,
          "failureMessages": [
            "TestingLibraryElementError: Found multiple elements with the text: 0\n\nHere are the matching elements:\n\nIgnored nodes: comments, script, style\n\u001b[36m<p\u001b[39m\n  \u001b[33mclass\u001b[39m=\u001b[32m\"font-semibold text-tremor-metric dark:text-dark-tremor-content-strong text-foreground mt-2\"\u001b[39m\n\u001b[36m>\u001b[39m\n  \u001b[0m0\u001b[0m\n\u001b[36m</p>\u001b[39m\n\nIgnored nodes: comments, script, style\n\u001b[36m<p\u001b[39m\n  \u001b[33mclass\u001b[39m=\u001b[32m\"font-semibold text-tremor-metric dark:text-dark-tremor-content-strong text-foreground mt-2\"\u001b[39m\n\u001b[36m>\u001b[39m\n  \u001b[0m0\u001b[0m\n\u001b[36m</p>\u001b[39m\n\n(If this is intentional, then use the `*AllBy*` variant of the query (like `queryAllByText`, `getAllByText`, or `findAllByText`)).\n\nIgnored nodes: comments, script, style\n\u001b[36m<body>\u001b[39m\n  \u001b[36m<div>\u001b[39m\n    \u001b[36m<main\u001b[39m\n      \u001b[33mclass\u001b[39m=\u001b[32m\"p-4 md:p-6 lg:p-8 mx-auto max-w-7xl bg-background text-foreground min-h-screen\"\u001b[39m\n    \u001b[36m>\u001b[39m\n      \u001b[36m<div\u001b[39m\n        \u001b[33mclass\u001b[39m=\u001b[32m\"tremor-Flex-root flex w-full flex-row justify-between items-center mb-8\"\u001b[39m\n      \u001b[36m>\u001b[39m\n        \u001b[36m<p\u001b[39m\n          \u001b[33mclass\u001b[39m=\u001b[32m\"dark:text-dark-tremor-content-strong text-3xl font-semibold text-foreground\"\u001b[39m\n        \u001b[36m>\u001b[39m\n          \u001b[0mstats.store - Fast, open, privacy-first analytics for Sparkle\u001b[0m\n        \u001b[36m</p>\u001b[39m\n      \u001b[36m</div>\u001b[39m\n      \u001b[36m<div\u001b[39m\n        \u001b[33mclass\u001b[39m=\u001b[32m\"grid grid-cols-1 md:grid-cols-2 gap-4 mb-8 items-center\"\u001b[39m\n      \u001b[36m>\u001b[39m\n        \u001b[36m<div\u001b[39m\n          \u001b[33mclass\u001b[39m=\u001b[32m\"relative overflow-hidden w-full h-10 rounded-lg bg-input text-foreground border border-input-border shadow-subtle focus-within:ring-2 focus-within:ring-ring focus-within:border-primary transition-colors duration-150 ease-in-out\"\u001b[39m\n        \u001b[36m>\u001b[39m\n          \u001b[36m<select\u001b[39m\n            \u001b[33mclass\u001b[39m=\u001b[32m\"w-full h-full appearance-none pl-3 pr-10 py-0 bg-transparent text-foreground focus:outline-none rounded-lg\"\u001b[39m\n          \u001b[36m>\u001b[39m\n            \u001b[36m<option\u001b[39m\n              \u001b[33mclass\u001b[39m=\u001b[32m\"text-foreground bg-background dark:bg-popover\"\u001b[39m\n              \u001b[33mvalue\u001b[39m=\u001b[32m\"all\"\u001b[39m\n            \u001b[36m>\u001b[39m\n              \u001b[0mAll Apps\u001b[0m\n            \u001b[36m</option>\u001b[39m\n          \u001b[36m</select>\u001b[39m\n          \u001b[36m<svg\u001b[39m\n            \u001b[33maria-hidden\u001b[39m=\u001b[32m\"true\"\u001b[39m\n            \u001b[33mclass\u001b[39m=\u001b[32m\"absolute right-3 top-1/2 -translate-y-1/2 h-5 w-5 text-muted-foreground pointer-events-none\"\u001b[39m\n            \u001b[33mdata-slot\u001b[39m=\u001b[32m\"icon\"\u001b[39m\n            \u001b[33mfill\u001b[39m=\u001b[32m\"none\"\u001b[39m\n            \u001b[33mstroke\u001b[39m=\u001b[32m\"currentColor\"\u001b[39m\n            \u001b[33mstroke-width\u001b[39m=\u001b[32m\"1.5\"\u001b[39m\n            \u001b[33mviewBox\u001b[39m=\u001b[32m\"0 0 24 24\"\u001b[39m\n            \u001b[33mxmlns\u001b[39m=\u001b[32m\"http://www.w3.org/2000/svg\"\u001b[39m\n          \u001b[36m>\u001b[39m\n            \u001b[36m<path\u001b[39m\n              \u001b[33md\u001b[39m=\u001b[32m\"m19.5 8.25-7.5 7.5-7.5-7.5\"\u001b[39m\n              \u001b[33mstroke-linecap\u001b[39m=\u001b[32m\"round\"\u001b[39m\n              \u001b[33mstroke-linejoin\u001b[39m=\u001b[32m\"round\"\u001b[39m\n            \u001b[36m/>\u001b[39m\n          \u001b[36m</svg>\u001b[39m\n        \u001b[36m</div>\u001b[39m\n        \u001b[36m<div\u001b[39m\n          \u001b[33mclass\u001b[39m=\u001b[32m\"w-full h-10 rounded-lg bg-input text-foreground border border-input-border shadow-subtle focus-within:ring-2 focus-within:ring-ring focus-within:border-primary transition-colors duration-150 ease-in-out p-0 flex items-center overflow-hidden\"\u001b[39m\n        \u001b[36m>\u001b[39m\n          \u001b[36m<div\u001b[39m\n            \u001b[33mclass\u001b[39m=\u001b[32m\"min-w-[10rem] relative flex justify-between text-tremor-default max-w-sm shadow-tremor-input dark:shadow-dark-tremor-input rounded-tremor-default w-full h-full [&>button]:h-full [&>button]:w-full [&>button]:rounded-lg [&>button]:border-0 hover:[&>button]:bg-secondary/30 focus:[&>button]:ring-0 focus:outline-none [&>button]:text-foreground [&>button]:pr-10\"\u001b[39m\n          \u001b[36m>\u001b[39m\n            \u001b[36m<div\u001b[39m\n              \u001b[33mclass\u001b[39m=\u001b[32m\"w-full rounded-l-tremor-default\"\u001b[39m\n              \u001b[33mdata-headlessui-state\u001b[39m=\u001b[32m\"\"\u001b[39m\n            \u001b[36m>\u001b[39m\n              \u001b[36m<div\u001b[39m\n                \u001b[33mclass\u001b[39m=\u001b[32m\"relative w-full\"\u001b[39m\n              \u001b[36m>\u001b[39m\n                \u001b[36m<button\u001b[39m\n                  \u001b[33maria-expanded\u001b[39m=\u001b[32m\"false\"\u001b[39m\n                  \u001b[33mclass\u001b[39m=\u001b[32m\"w-full outline-none text-left whitespace-nowrap truncate focus:ring-2 transition duration-100 rounded-l-tremor-default flex flex-nowrap border pl-3 py-2 rounded-l-tremor-default focus:border-tremor-brand-subtle focus:ring-tremor-brand-muted dark:focus:border-dark-tremor-brand-subtle dark:focus:ring-dark-tremor-brand-muted rounded-l-tremor-default pr-8 bg-tremor-background dark:bg-dark-tremor-background hover:bg-tremor-background-muted dark:hover:bg-dark-tremor-background-muted text-tremor-content-emphasis dark:text-dark-tremor-content-emphasis border-tremor-border dark:border-dark-tremor-border\"\u001b[39m\n                  \u001b[33mdata-headlessui-state\u001b[39m=\u001b[32m\"\"\u001b[39m\n                  \u001b[33mid\u001b[39m=\u001b[32m\"headlessui-popover-button-«r1a»\"\u001b[39m\n                  \u001b[33mtype\u001b[39m=\u001b[32m\"button\"\u001b[39m\n                \u001b[36m>\u001b[39m\n                  \u001b[36m<svg\u001b[39m\n                    \u001b[33maria-hidden\u001b[39m=\u001b[32m\"true\"\u001b[39m\n                    \u001b[33mclass\u001b[39m=\u001b[32m\"tremor-DateRangePicker-calendarIcon flex-none shrink-0 h-5 w-5 -ml-0.5 mr-2 text-tremor-content-subtle dark:text-dark-tremor-content-subtle\"\u001b[39m\n                    \u001b[33mfill\u001b[39m=\u001b[32m\"currentColor\"\u001b[39m\n                    \u001b[33mviewBox\u001b[39m=\u001b[32m\"0 0 20 20\"\u001b[39m\n                    \u001b[33mxmlns\u001b[39m=\u001b[32m\"http://www.w3.org/2000/svg\"\u001b[39m\n                  \u001b[36m>\u001b[39m\n                    \u001b[36m<path\u001b[39m\n                      \u001b[33mclip-rule\u001b[39m=\u001b[32m\"evenodd\"\u001b[39m\n                      \u001b[33md\u001b[39m=\u001b[32m\"M6 2a1 1 0 00-1 1v1H4a2 2 0 00-2 2v10a2 2 0 002 2h12a2 2 0 002-2V6a2 2 0 00-2-2h-1V3a1 1 0 10-2 0v1H7V3a1 1 0 00-1-1zm0 5a1 1 0 000 2h8a1 1 0 100-2H6z\"\u001b[39m\n                      \u001b[33mfill-rule\u001b[39m=\u001b[32m\"evenodd\"\u001b[39m\n                    \u001b[36m/>\u001b[39m\n                  \u001b[36m</svg>\u001b[39m\n                  \u001b[36m<p\u001b[39m\n                    \u001b[33mclass\u001b[39m=\u001b[32m\"truncate\"\u001b[39m\n                  \u001b[36m>\u001b[39m\n                    \u001b[0mMay 20, 2025 - \n                    Jun 18, 2025\u001b[0m\n                  \u001b[36m</p>\u001b[39m\n                \u001b[36m</button>\u001b[39m\n                \u001b[36m<button\u001b[39m\n                  \u001b[33mclass\u001b[39m=\u001b[32m\"absolute outline-none inset-y-0 right-0 flex items-center transition duration-100 mr-4\"\u001b[39m\n                  \u001b[33mtype\u001b[39m=\u001b[32m\"button\"\u001b[39m\n                \u001b[36m>\u001b[39m\n                  \u001b[36m<svg\u001b[39m\n                    \u001b[33mclass\u001b[39m=\u001b[32m\"tremor-DateRangePicker-clearIcon flex-none h-4 w-4 text-tremor-content-subtle dark:text-dark-tremor-content-subtle\"\u001b[39m\n                    \u001b[33mfill\u001b[39m=\u001b[32m\"currentColor\"\u001b[39m\n                    \u001b[33mviewBox\u001b[39m=\u001b[32m\"0 0 24 24\"\u001b[39m\n                    \u001b[33mxmlns\u001b[39m=\u001b[32m\"http://www.w3.org/2000/svg\"\u001b[39m\n                  \u001b[36m>\u001b[39m\n                    \u001b[36m<path\u001b[39m\n                      \u001b[33md\u001b[39m=\u001b[32m\"M12 22C6.47715 22 2 17.5228 2 12C2 6.47715 6.47715 2 12 2C17.5228 2 22 6.47715 22 12C22 17.5228 17.5228 22 12 22ZM12 10.5858L9.17157 7.75736L7.75736 9.17157L10.5858 12L7.75736 14.8284L9.17157 16.2426L12 13.4142L14.8284 16.2426L16.2426 14.8284L13.4142 12L16.2426 9.17157L14.8284 7.75736L12 10.5858Z\"\u001b[39m\n                    \u001b[36m/>\u001b[39m\n                  \u001b[36m</svg>\u001b[39m\n                \u001b[36m</button>\u001b[39m\n              \u001b[36m</div>\u001b[39m\n            \u001b[36m</div>\u001b[39m\n            \u001b[36m<div\u001b[39m\n              \u001b[33mclass\u001b[39m=\u001b[32m\"w-48 -ml-px rounded-r-tremor-default\"\u001b[39m\n              \u001b[33mdata-headlessui-state\u001b[39m=\u001b[32m\"\"\u001b[39m\n            \u001b[36m>\u001b[39m\n              \u001b[3...\n    at Object.getElementError (/Users/steipete/Projects/stats-store/node_modules/.pnpm/@testing-library+dom@10.4.0/node_modules/@testing-library/dom/dist/config.js:37:19)\n    at getElementError (/Users/steipete/Projects/stats-store/node_modules/.pnpm/@testing-library+dom@10.4.0/node_modules/@testing-library/dom/dist/query-helpers.js:20:35)\n    at getMultipleElementsFoundError (/Users/steipete/Projects/stats-store/node_modules/.pnpm/@testing-library+dom@10.4.0/node_modules/@testing-library/dom/dist/query-helpers.js:23:10)\n    at /Users/steipete/Projects/stats-store/node_modules/.pnpm/@testing-library+dom@10.4.0/node_modules/@testing-library/dom/dist/query-helpers.js:55:13\n    at /Users/steipete/Projects/stats-store/node_modules/.pnpm/@testing-library+dom@10.4.0/node_modules/@testing-library/dom/dist/query-helpers.js:95:19\n    at /Users/steipete/Projects/stats-store/tests/app/page.test.tsx:182:19\n    at processTicksAndRejections (node:internal/process/task_queues:105:5)\n    at file:///Users/steipete/Projects/stats-store/node_modules/.pnpm/@vitest+runner@3.2.4/node_modules/@vitest/runner/dist/chunk-hooks.js:752:20"
          ],
          "meta": {}
        },
        {
          "ancestorTitles": ["Dashboard Page"],
          "fullName": "Dashboard Page calculates unique installs correctly",
          "status": "passed",
          "title": "calculates unique installs correctly",
          "duration": 13.472749999999905,
          "failureMessages": [],
          "meta": {}
        },
        {
          "ancestorTitles": ["Dashboard Page"],
          "fullName": "Dashboard Page formats dates correctly in the time series",
          "status": "failed",
          "title": "formats dates correctly in the time series",
          "duration": 12.759666999999808,
          "failureMessages": [
            "Error: \u001b[2mexpect(\u001b[22m\u001b[31melement\u001b[39m\u001b[2m).toHaveTextContent()\u001b[22m\n\nExpected element to have text content:\n\u001b[32m  2 points\u001b[39m\nReceived:\n\u001b[31m  Line Chart: 30 points\u001b[39m\n    at Proxy.expectWrapper (file:///Users/steipete/Projects/stats-store/node_modules/.pnpm/@vitest+expect@3.2.4/node_modules/@vitest/expect/dist/index.js:1745:12)\n    at Proxy.<anonymous> (file:///Users/steipete/Projects/stats-store/node_modules/.pnpm/@vitest+expect@3.2.4/node_modules/@vitest/expect/dist/index.js:1029:14)\n    at Proxy.methodWrapper (file:///Users/steipete/Projects/stats-store/node_modules/.pnpm/chai@5.2.0/node_modules/chai/chai.js:1618:25)\n    at /Users/steipete/Projects/stats-store/tests/app/page.test.tsx:228:46\n    at processTicksAndRejections (node:internal/process/task_queues:105:5)\n    at file:///Users/steipete/Projects/stats-store/node_modules/.pnpm/@vitest+runner@3.2.4/node_modules/@vitest/runner/dist/chunk-hooks.js:752:20"
          ],
          "meta": {}
        },
        {
          "ancestorTitles": ["Dashboard Page"],
          "fullName": "Dashboard Page renders app filter dropdown with all apps",
          "status": "failed",
          "title": "renders app filter dropdown with all apps",
          "duration": 16.879125000000386,
          "failureMessages": [
            "TestingLibraryElementError: Unable to find an element with the text: Sparkle Update Statistics. This could be because the text is broken up by multiple elements. In this case, you can provide a function for your text matcher to make your matcher more flexible.\n\nIgnored nodes: comments, script, style\n\u001b[36m<body>\u001b[39m\n  \u001b[36m<div>\u001b[39m\n    \u001b[36m<main\u001b[39m\n      \u001b[33mclass\u001b[39m=\u001b[32m\"p-4 md:p-6 lg:p-8 mx-auto max-w-7xl bg-background text-foreground min-h-screen\"\u001b[39m\n    \u001b[36m>\u001b[39m\n      \u001b[36m<div\u001b[39m\n        \u001b[33mclass\u001b[39m=\u001b[32m\"tremor-Flex-root flex w-full flex-row justify-between items-center mb-8\"\u001b[39m\n      \u001b[36m>\u001b[39m\n        \u001b[36m<p\u001b[39m\n          \u001b[33mclass\u001b[39m=\u001b[32m\"dark:text-dark-tremor-content-strong text-3xl font-semibold text-foreground\"\u001b[39m\n        \u001b[36m>\u001b[39m\n          \u001b[0mstats.store - Fast, open, privacy-first analytics for Sparkle\u001b[0m\n        \u001b[36m</p>\u001b[39m\n      \u001b[36m</div>\u001b[39m\n      \u001b[36m<div\u001b[39m\n        \u001b[33mclass\u001b[39m=\u001b[32m\"grid grid-cols-1 md:grid-cols-2 gap-4 mb-8 items-center\"\u001b[39m\n      \u001b[36m>\u001b[39m\n        \u001b[36m<div\u001b[39m\n          \u001b[33mclass\u001b[39m=\u001b[32m\"relative overflow-hidden w-full h-10 rounded-lg bg-input text-foreground border border-input-border shadow-subtle focus-within:ring-2 focus-within:ring-ring focus-within:border-primary transition-colors duration-150 ease-in-out\"\u001b[39m\n        \u001b[36m>\u001b[39m\n          \u001b[36m<select\u001b[39m\n            \u001b[33mclass\u001b[39m=\u001b[32m\"w-full h-full appearance-none pl-3 pr-10 py-0 bg-transparent text-foreground focus:outline-none rounded-lg\"\u001b[39m\n          \u001b[36m>\u001b[39m\n            \u001b[36m<option\u001b[39m\n              \u001b[33mclass\u001b[39m=\u001b[32m\"text-foreground bg-background dark:bg-popover\"\u001b[39m\n              \u001b[33mvalue\u001b[39m=\u001b[32m\"all\"\u001b[39m\n            \u001b[36m>\u001b[39m\n              \u001b[0mAll Apps\u001b[0m\n            \u001b[36m</option>\u001b[39m\n            \u001b[36m<option\u001b[39m\n              \u001b[33mclass\u001b[39m=\u001b[32m\"text-foreground bg-background dark:bg-popover\"\u001b[39m\n              \u001b[33mvalue\u001b[39m=\u001b[32m\"1\"\u001b[39m\n            \u001b[36m>\u001b[39m\n              \u001b[0mTest App 1\u001b[0m\n            \u001b[36m</option>\u001b[39m\n            \u001b[36m<option\u001b[39m\n              \u001b[33mclass\u001b[39m=\u001b[32m\"text-foreground bg-background dark:bg-popover\"\u001b[39m\n              \u001b[33mvalue\u001b[39m=\u001b[32m\"2\"\u001b[39m\n            \u001b[36m>\u001b[39m\n              \u001b[0mTest App 2\u001b[0m\n            \u001b[36m</option>\u001b[39m\n            \u001b[36m<option\u001b[39m\n              \u001b[33mclass\u001b[39m=\u001b[32m\"text-foreground bg-background dark:bg-popover\"\u001b[39m\n              \u001b[33mvalue\u001b[39m=\u001b[32m\"3\"\u001b[39m\n            \u001b[36m>\u001b[39m\n              \u001b[0mTest App 3\u001b[0m\n            \u001b[36m</option>\u001b[39m\n          \u001b[36m</select>\u001b[39m\n          \u001b[36m<svg\u001b[39m\n            \u001b[33maria-hidden\u001b[39m=\u001b[32m\"true\"\u001b[39m\n            \u001b[33mclass\u001b[39m=\u001b[32m\"absolute right-3 top-1/2 -translate-y-1/2 h-5 w-5 text-muted-foreground pointer-events-none\"\u001b[39m\n            \u001b[33mdata-slot\u001b[39m=\u001b[32m\"icon\"\u001b[39m\n            \u001b[33mfill\u001b[39m=\u001b[32m\"none\"\u001b[39m\n            \u001b[33mstroke\u001b[39m=\u001b[32m\"currentColor\"\u001b[39m\n            \u001b[33mstroke-width\u001b[39m=\u001b[32m\"1.5\"\u001b[39m\n            \u001b[33mviewBox\u001b[39m=\u001b[32m\"0 0 24 24\"\u001b[39m\n            \u001b[33mxmlns\u001b[39m=\u001b[32m\"http://www.w3.org/2000/svg\"\u001b[39m\n          \u001b[36m>\u001b[39m\n            \u001b[36m<path\u001b[39m\n              \u001b[33md\u001b[39m=\u001b[32m\"m19.5 8.25-7.5 7.5-7.5-7.5\"\u001b[39m\n              \u001b[33mstroke-linecap\u001b[39m=\u001b[32m\"round\"\u001b[39m\n              \u001b[33mstroke-linejoin\u001b[39m=\u001b[32m\"round\"\u001b[39m\n            \u001b[36m/>\u001b[39m\n          \u001b[36m</svg>\u001b[39m\n        \u001b[36m</div>\u001b[39m\n        \u001b[36m<div\u001b[39m\n          \u001b[33mclass\u001b[39m=\u001b[32m\"w-full h-10 rounded-lg bg-input text-foreground border border-input-border shadow-subtle focus-within:ring-2 focus-within:ring-ring focus-within:border-primary transition-colors duration-150 ease-in-out p-0 flex items-center overflow-hidden\"\u001b[39m\n        \u001b[36m>\u001b[39m\n          \u001b[36m<div\u001b[39m\n            \u001b[33mclass\u001b[39m=\u001b[32m\"min-w-[10rem] relative flex justify-between text-tremor-default max-w-sm shadow-tremor-input dark:shadow-dark-tremor-input rounded-tremor-default w-full h-full [&>button]:h-full [&>button]:w-full [&>button]:rounded-lg [&>button]:border-0 hover:[&>button]:bg-secondary/30 focus:[&>button]:ring-0 focus:outline-none [&>button]:text-foreground [&>button]:pr-10\"\u001b[39m\n          \u001b[36m>\u001b[39m\n            \u001b[36m<div\u001b[39m\n              \u001b[33mclass\u001b[39m=\u001b[32m\"w-full rounded-l-tremor-default\"\u001b[39m\n              \u001b[33mdata-headlessui-state\u001b[39m=\u001b[32m\"\"\u001b[39m\n            \u001b[36m>\u001b[39m\n              \u001b[36m<div\u001b[39m\n                \u001b[33mclass\u001b[39m=\u001b[32m\"relative w-full\"\u001b[39m\n              \u001b[36m>\u001b[39m\n                \u001b[36m<button\u001b[39m\n                  \u001b[33maria-expanded\u001b[39m=\u001b[32m\"false\"\u001b[39m\n                  \u001b[33mclass\u001b[39m=\u001b[32m\"w-full outline-none text-left whitespace-nowrap truncate focus:ring-2 transition duration-100 rounded-l-tremor-default flex flex-nowrap border pl-3 py-2 rounded-l-tremor-default focus:border-tremor-brand-subtle focus:ring-tremor-brand-muted dark:focus:border-dark-tremor-brand-subtle dark:focus:ring-dark-tremor-brand-muted rounded-l-tremor-default pr-8 bg-tremor-background dark:bg-dark-tremor-background hover:bg-tremor-background-muted dark:hover:bg-dark-tremor-background-muted text-tremor-content-emphasis dark:text-dark-tremor-content-emphasis border-tremor-border dark:border-dark-tremor-border\"\u001b[39m\n                  \u001b[33mdata-headlessui-state\u001b[39m=\u001b[32m\"\"\u001b[39m\n                  \u001b[33mid\u001b[39m=\u001b[32m\"headlessui-popover-button-«r3c»\"\u001b[39m\n                  \u001b[33mtype\u001b[39m=\u001b[32m\"button\"\u001b[39m\n                \u001b[36m>\u001b[39m\n                  \u001b[36m<svg\u001b[39m\n                    \u001b[33maria-hidden\u001b[39m=\u001b[32m\"true\"\u001b[39m\n                    \u001b[33mclass\u001b[39m=\u001b[32m\"tremor-DateRangePicker-calendarIcon flex-none shrink-0 h-5 w-5 -ml-0.5 mr-2 text-tremor-content-subtle dark:text-dark-tremor-content-subtle\"\u001b[39m\n                    \u001b[33mfill\u001b[39m=\u001b[32m\"currentColor\"\u001b[39m\n                    \u001b[33mviewBox\u001b[39m=\u001b[32m\"0 0 20 20\"\u001b[39m\n                    \u001b[33mxmlns\u001b[39m=\u001b[32m\"http://www.w3.org/2000/svg\"\u001b[39m\n                  \u001b[36m>\u001b[39m\n                    \u001b[36m<path\u001b[39m\n                      \u001b[33mclip-rule\u001b[39m=\u001b[32m\"evenodd\"\u001b[39m\n                      \u001b[33md\u001b[39m=\u001b[32m\"M6 2a1 1 0 00-1 1v1H4a2 2 0 00-2 2v10a2 2 0 002 2h12a2 2 0 002-2V6a2 2 0 00-2-2h-1V3a1 1 0 10-2 0v1H7V3a1 1 0 00-1-1zm0 5a1 1 0 000 2h8a1 1 0 100-2H6z\"\u001b[39m\n                      \u001b[33mfill-rule\u001b[39m=\u001b[32m\"evenodd\"\u001b[39m\n                    \u001b[36m/>\u001b[39m\n                  \u001b[36m</svg>\u001b[39m\n                  \u001b[36m<p\u001b[39m\n                    \u001b[33mclass\u001b[39m=\u001b[32m\"truncate\"\u001b[39m\n                  \u001b[36m>\u001b[39m\n                    \u001b[0mMay 20, 2025 - \n                    Jun 18, 2025\u001b[0m\n                  \u001b[36m</p>\u001b[39m\n                \u001b[36m</button>\u001b[39m\n                \u001b[36m<button\u001b[39m\n                  \u001b[33mclass\u001b[39m=\u001b[32m\"absolute outline-none inset-y-0 right-0 flex items-center transition duration-100 mr-4\"\u001b[39m\n                  \u001b[33mtype\u001b[39m=\u001b[32m\"button\"\u001b[39m\n                \u001b[36m>\u001b[39m\n                  \u001b[36m<svg\u001b[39m\n                    \u001b[33mclass\u001b[39m=\u001b[32m\"tremor-DateRangePicker-clearIcon flex-none h-4 w-4 text-tremor-content-subtle dark:text-dark-tremor-content-subtle\"\u001b[39m\n                    \u001b[33mfill\u001b[39m=\u001b[32m\"currentColor\"\u001b[39m\n                    \u001b[33mviewBox\u001b[39m=\u001b[32m\"0 0 24 24\"\u001b[39m\n                    \u001b[33mxmlns\u001b[39m=\u001b[32m\"http://www.w3.org/2000/svg\"\u001b[39m\n                  \u001b[36m>\u001b[3...\n    at Object.getElementError (/Users/steipete/Projects/stats-store/node_modules/.pnpm/@testing-library+dom@10.4.0/node_modules/@testing-library/dom/dist/config.js:37:19)\n    at /Users/steipete/Projects/stats-store/node_modules/.pnpm/@testing-library+dom@10.4.0/node_modules/@testing-library/dom/dist/query-helpers.js:76:38\n    at /Users/steipete/Projects/stats-store/node_modules/.pnpm/@testing-library+dom@10.4.0/node_modules/@testing-library/dom/dist/query-helpers.js:52:17\n    at /Users/steipete/Projects/stats-store/node_modules/.pnpm/@testing-library+dom@10.4.0/node_modules/@testing-library/dom/dist/query-helpers.js:95:19\n    at /Users/steipete/Projects/stats-store/tests/app/page.test.tsx:244:19\n    at processTicksAndRejections (node:internal/process/task_queues:105:5)\n    at file:///Users/steipete/Projects/stats-store/node_modules/.pnpm/@vitest+runner@3.2.4/node_modules/@vitest/runner/dist/chunk-hooks.js:752:20"
          ],
          "meta": {}
        }
      ],
      "startTime": 1750266842759,
      "endTime": 1750266842943.8792,
      "status": "failed",
      "message": "",
      "name": "/Users/steipete/Projects/stats-store/tests/app/page.test.tsx"
    },
    {
      "assertionResults": [
        {
          "ancestorTitles": ["useRealtimeStats"],
          "fullName": "useRealtimeStats initializes with default state",
          "status": "passed",
          "title": "initializes with default state",
          "duration": 7.805625000000077,
          "failureMessages": [],
          "meta": {}
        },
        {
          "ancestorTitles": ["useRealtimeStats"],
          "fullName": "useRealtimeStats establishes realtime connection",
          "status": "passed",
          "title": "establishes realtime connection",
          "duration": 54.17325000000005,
          "failureMessages": [],
          "meta": {}
        },
        {
          "ancestorTitles": ["useRealtimeStats"],
          "fullName": "useRealtimeStats uses app-specific channel when appId provided",
          "status": "passed",
          "title": "uses app-specific channel when appId provided",
          "duration": 52.74820799999998,
          "failureMessages": [],
          "meta": {}
        },
        {
          "ancestorTitles": ["useRealtimeStats"],
          "fullName": "useRealtimeStats fetches initial stats cache",
          "status": "failed",
          "title": "fetches initial stats cache",
          "duration": 1010.504208,
          "failureMessages": [
            "AssertionError: expected {} to deeply equal { kpis: { …(3) }, …(1) }\n\nIgnored nodes: comments, script, style\n\u001b[36m<html>\u001b[39m\n  \u001b[36m<head />\u001b[39m\n  \u001b[36m<body>\u001b[39m\n    \u001b[36m<div />\u001b[39m\n  \u001b[36m</body>\u001b[39m\n\u001b[36m</html>\u001b[39m\n    at /Users/steipete/Projects/stats-store/tests/hooks/use-realtime-stats.test.ts:125:41\n    at runWithExpensiveErrorDiagnosticsDisabled (/Users/steipete/Projects/stats-store/node_modules/.pnpm/@testing-library+dom@10.4.0/node_modules/@testing-library/dom/dist/config.js:47:12)\n    at checkCallback (/Users/steipete/Projects/stats-store/node_modules/.pnpm/@testing-library+dom@10.4.0/node_modules/@testing-library/dom/dist/wait-for.js:124:77)\n    at Timeout.checkRealTimersCallback (/Users/steipete/Projects/stats-store/node_modules/.pnpm/@testing-library+dom@10.4.0/node_modules/@testing-library/dom/dist/wait-for.js:118:16)\n    at listOnTimeout (node:internal/timers:608:17)\n    at processTimers (node:internal/timers:543:7)"
          ],
          "meta": {}
        },
        {
          "ancestorTitles": ["useRealtimeStats"],
          "fullName": "useRealtimeStats handles new user events",
          "status": "passed",
          "title": "handles new user events",
          "duration": 54.875541999999996,
          "failureMessages": [],
          "meta": {}
        },
        {
          "ancestorTitles": ["useRealtimeStats"],
          "fullName": "useRealtimeStats handles milestone events",
          "status": "passed",
          "title": "handles milestone events",
          "duration": 54.88995799999998,
          "failureMessages": [],
          "meta": {}
        },
        {
          "ancestorTitles": ["useRealtimeStats"],
          "fullName": "useRealtimeStats handles version update events",
          "status": "passed",
          "title": "handles version update events",
          "duration": 54.849541000000045,
          "failureMessages": [],
          "meta": {}
        },
        {
          "ancestorTitles": ["useRealtimeStats"],
          "fullName": "useRealtimeStats handles report batch events by refetching cache",
          "status": "failed",
          "title": "handles report batch events by refetching cache",
          "duration": 52.996083,
          "failureMessages": [
            "AssertionError: expected +0 to be 1 // Object.is equality\n    at /Users/steipete/Projects/stats-store/tests/hooks/use-realtime-stats.test.ts:252:24\n    at file:///Users/steipete/Projects/stats-store/node_modules/.pnpm/@vitest+runner@3.2.4/node_modules/@vitest/runner/dist/chunk-hooks.js:752:20"
          ],
          "meta": {}
        },
        {
          "ancestorTitles": ["useRealtimeStats"],
          "fullName": "useRealtimeStats handles stats cache updates",
          "status": "passed",
          "title": "handles stats cache updates",
          "duration": 54.99166699999978,
          "failureMessages": [],
          "meta": {}
        },
        {
          "ancestorTitles": ["useRealtimeStats"],
          "fullName": "useRealtimeStats limits event history to 50 events",
          "status": "passed",
          "title": "limits event history to 50 events",
          "duration": 54.84529100000009,
          "failureMessages": [],
          "meta": {}
        },
        {
          "ancestorTitles": ["useRealtimeStats"],
          "fullName": "useRealtimeStats handles connection closure",
          "status": "passed",
          "title": "handles connection closure",
          "duration": 53.308750000000146,
          "failureMessages": [],
          "meta": {}
        },
        {
          "ancestorTitles": ["useRealtimeStats"],
          "fullName": "useRealtimeStats cleans up on unmount",
          "status": "passed",
          "title": "cleans up on unmount",
          "duration": 52.05058400000007,
          "failureMessages": [],
          "meta": {}
        },
        {
          "ancestorTitles": ["useRealtimeStats"],
          "fullName": "useRealtimeStats provides refreshCache function",
          "status": "failed",
          "title": "provides refreshCache function",
          "duration": 1054.945334,
          "failureMessages": [
            "AssertionError: expected undefined to deeply equal { unique_users_today: 200, …(1) }\n\nIgnored nodes: comments, script, style\n\u001b[36m<html>\u001b[39m\n  \u001b[36m<head />\u001b[39m\n  \u001b[36m<body>\u001b[39m\n    \u001b[36m<div />\u001b[39m\n  \u001b[36m</body>\u001b[39m\n\u001b[36m</html>\u001b[39m\n    at /Users/steipete/Projects/stats-store/tests/hooks/use-realtime-stats.test.ts:402:46\n    at runWithExpensiveErrorDiagnosticsDisabled (/Users/steipete/Projects/stats-store/node_modules/.pnpm/@testing-library+dom@10.4.0/node_modules/@testing-library/dom/dist/config.js:47:12)\n    at checkCallback (/Users/steipete/Projects/stats-store/node_modules/.pnpm/@testing-library+dom@10.4.0/node_modules/@testing-library/dom/dist/wait-for.js:124:77)\n    at Timeout.checkRealTimersCallback (/Users/steipete/Projects/stats-store/node_modules/.pnpm/@testing-library+dom@10.4.0/node_modules/@testing-library/dom/dist/wait-for.js:118:16)\n    at listOnTimeout (node:internal/timers:608:17)\n    at processTimers (node:internal/timers:543:7)"
          ],
          "meta": {}
        },
        {
          "ancestorTitles": ["useRealtimeStats"],
          "fullName": "useRealtimeStats filters by appId when not \"all\"",
          "status": "passed",
          "title": "filters by appId when not \"all\"",
          "duration": 2.2605419999999867,
          "failureMessages": [],
          "meta": {}
        },
        {
          "ancestorTitles": ["useRealtimeStats"],
          "fullName": "useRealtimeStats does not filter when appId is \"all\"",
          "status": "passed",
          "title": "does not filter when appId is \"all\"",
          "duration": 1.7739580000002206,
          "failureMessages": [],
          "meta": {}
        }
      ],
      "startTime": 1750266841199,
      "endTime": 1750266843816.774,
      "status": "failed",
      "message": "",
      "name": "/Users/steipete/Projects/stats-store/tests/hooks/use-realtime-stats.test.ts"
    },
    {
      "assertionResults": [
        {
          "ancestorTitles": ["Client Chart Components", "ClientLineChart"],
          "fullName": "Client Chart Components ClientLineChart renders with basic props",
          "status": "passed",
          "title": "renders with basic props",
          "duration": 20.709500000000048,
          "failureMessages": [],
          "meta": {}
        },
        {
          "ancestorTitles": ["Client Chart Components", "ClientLineChart"],
          "fullName": "Client Chart Components ClientLineChart applies valueFormatter to data",
          "status": "passed",
          "title": "applies valueFormatter to data",
          "duration": 2.49254099999996,
          "failureMessages": [],
          "meta": {}
        },
        {
          "ancestorTitles": ["Client Chart Components", "ClientLineChart"],
          "fullName": "Client Chart Components ClientLineChart renders empty state when no data",
          "status": "passed",
          "title": "renders empty state when no data",
          "duration": 1.1734579999999823,
          "failureMessages": [],
          "meta": {}
        },
        {
          "ancestorTitles": ["Client Chart Components", "ClientLineChart"],
          "fullName": "Client Chart Components ClientLineChart passes through additional props",
          "status": "passed",
          "title": "passes through additional props",
          "duration": 1.993208999999979,
          "failureMessages": [],
          "meta": {}
        },
        {
          "ancestorTitles": ["Client Chart Components", "ClientLineChart"],
          "fullName": "Client Chart Components ClientLineChart handles multiple categories",
          "status": "passed",
          "title": "handles multiple categories",
          "duration": 1.4887079999999742,
          "failureMessages": [],
          "meta": {}
        },
        {
          "ancestorTitles": ["Client Chart Components", "ClientBarChart"],
          "fullName": "Client Chart Components ClientBarChart renders with basic props",
          "status": "passed",
          "title": "renders with basic props",
          "duration": 0.9893749999999955,
          "failureMessages": [],
          "meta": {}
        },
        {
          "ancestorTitles": ["Client Chart Components", "ClientBarChart"],
          "fullName": "Client Chart Components ClientBarChart applies valueFormatter to data",
          "status": "passed",
          "title": "applies valueFormatter to data",
          "duration": 0.8064170000000104,
          "failureMessages": [],
          "meta": {}
        },
        {
          "ancestorTitles": ["Client Chart Components", "ClientBarChart"],
          "fullName": "Client Chart Components ClientBarChart handles stacked bar charts",
          "status": "passed",
          "title": "handles stacked bar charts",
          "duration": 1.2349590000000035,
          "failureMessages": [],
          "meta": {}
        },
        {
          "ancestorTitles": ["Client Chart Components", "ClientBarChart"],
          "fullName": "Client Chart Components ClientBarChart renders with custom colors",
          "status": "passed",
          "title": "renders with custom colors",
          "duration": 0.5991669999999658,
          "failureMessages": [],
          "meta": {}
        },
        {
          "ancestorTitles": ["Client Chart Components", "ClientDonutChart"],
          "fullName": "Client Chart Components ClientDonutChart renders with basic props",
          "status": "passed",
          "title": "renders with basic props",
          "duration": 0.8993330000000697,
          "failureMessages": [],
          "meta": {}
        },
        {
          "ancestorTitles": ["Client Chart Components", "ClientDonutChart"],
          "fullName": "Client Chart Components ClientDonutChart applies valueFormatter to values",
          "status": "passed",
          "title": "applies valueFormatter to values",
          "duration": 1.074666000000093,
          "failureMessages": [],
          "meta": {}
        },
        {
          "ancestorTitles": ["Client Chart Components", "ClientDonutChart"],
          "fullName": "Client Chart Components ClientDonutChart handles empty data",
          "status": "passed",
          "title": "handles empty data",
          "duration": 0.39229100000000017,
          "failureMessages": [],
          "meta": {}
        },
        {
          "ancestorTitles": ["Client Chart Components", "ClientDonutChart"],
          "fullName": "Client Chart Components ClientDonutChart renders with custom variant",
          "status": "passed",
          "title": "renders with custom variant",
          "duration": 0.6537499999999454,
          "failureMessages": [],
          "meta": {}
        },
        {
          "ancestorTitles": ["Client Chart Components", "ClientDonutChart"],
          "fullName": "Client Chart Components ClientDonutChart handles label and custom colors",
          "status": "passed",
          "title": "handles label and custom colors",
          "duration": 0.7912499999999909,
          "failureMessages": [],
          "meta": {}
        },
        {
          "ancestorTitles": ["Client Chart Components", "Common chart behaviors"],
          "fullName": "Client Chart Components Common chart behaviors all charts handle null/undefined data gracefully",
          "status": "passed",
          "title": "all charts handle null/undefined data gracefully",
          "duration": 0.7163339999999607,
          "failureMessages": [],
          "meta": {}
        },
        {
          "ancestorTitles": ["Client Chart Components", "Common chart behaviors"],
          "fullName": "Client Chart Components Common chart behaviors all charts preserve Tremor props",
          "status": "passed",
          "title": "all charts preserve Tremor props",
          "duration": 0.8907500000000255,
          "failureMessages": [],
          "meta": {}
        }
      ],
      "startTime": 1750266841307,
      "endTime": 1750266841343.8909,
      "status": "passed",
      "message": "",
      "name": "/Users/steipete/Projects/stats-store/tests/components/client-charts.test.tsx"
    },
    {
      "assertionResults": [
        {
          "ancestorTitles": ["DashboardFilters", "app filter rendering"],
          "fullName": "DashboardFilters app filter rendering renders with all apps option",
          "status": "passed",
          "title": "renders with all apps option",
          "duration": 47.83033299999988,
          "failureMessages": [],
          "meta": {}
        },
        {
          "ancestorTitles": ["DashboardFilters", "app filter rendering"],
          "fullName": "DashboardFilters app filter rendering selects current app correctly",
          "status": "passed",
          "title": "selects current app correctly",
          "duration": 6.051249999999982,
          "failureMessages": [],
          "meta": {}
        },
        {
          "ancestorTitles": ["DashboardFilters", "app filter rendering"],
          "fullName": "DashboardFilters app filter rendering defaults to \"all\" when no currentAppId",
          "status": "passed",
          "title": "defaults to \"all\" when no currentAppId",
          "duration": 4.864416999999776,
          "failureMessages": [],
          "meta": {}
        },
        {
          "ancestorTitles": ["DashboardFilters", "app filter rendering"],
          "fullName": "DashboardFilters app filter rendering renders error state when appsError is provided",
          "status": "passed",
          "title": "renders error state when appsError is provided",
          "duration": 3.8445419999998194,
          "failureMessages": [],
          "meta": {}
        },
        {
          "ancestorTitles": ["DashboardFilters", "app filter rendering"],
          "fullName": "DashboardFilters app filter rendering renders only \"All Apps\" option when no apps",
          "status": "passed",
          "title": "renders only \"All Apps\" option when no apps",
          "duration": 5.041917000000012,
          "failureMessages": [],
          "meta": {}
        },
        {
          "ancestorTitles": ["DashboardFilters", "app filter rendering"],
          "fullName": "DashboardFilters app filter rendering handles null apps gracefully",
          "status": "passed",
          "title": "handles null apps gracefully",
          "duration": 4.489624999999705,
          "failureMessages": [],
          "meta": {}
        },
        {
          "ancestorTitles": ["DashboardFilters", "app filter interactions"],
          "fullName": "DashboardFilters app filter interactions handles app selection change",
          "status": "passed",
          "title": "handles app selection change",
          "duration": 21.25149999999985,
          "failureMessages": [],
          "meta": {}
        },
        {
          "ancestorTitles": ["DashboardFilters", "app filter interactions"],
          "fullName": "DashboardFilters app filter interactions removes app param when selecting \"all\"",
          "status": "passed",
          "title": "removes app param when selecting \"all\"",
          "duration": 15.062832999999955,
          "failureMessages": [],
          "meta": {}
        },
        {
          "ancestorTitles": ["DashboardFilters", "app filter interactions"],
          "fullName": "DashboardFilters app filter interactions preserves other query params when changing app",
          "status": "passed",
          "title": "preserves other query params when changing app",
          "duration": 15.067083999999795,
          "failureMessages": [],
          "meta": {}
        },
        {
          "ancestorTitles": ["DashboardFilters", "date range picker"],
          "fullName": "DashboardFilters date range picker renders with current date range",
          "status": "passed",
          "title": "renders with current date range",
          "duration": 17.849125000000186,
          "failureMessages": [],
          "meta": {}
        },
        {
          "ancestorTitles": ["DashboardFilters", "date range picker"],
          "fullName": "DashboardFilters date range picker renders date range picker",
          "status": "passed",
          "title": "renders date range picker",
          "duration": 4.445166999999856,
          "failureMessages": [],
          "meta": {}
        },
        {
          "ancestorTitles": ["DashboardFilters", "date range picker"],
          "fullName": "DashboardFilters date range picker formats dates correctly in URL params",
          "status": "passed",
          "title": "formats dates correctly in URL params",
          "duration": 6.425499999999829,
          "failureMessages": [],
          "meta": {}
        },
        {
          "ancestorTitles": ["DashboardFilters", "styling and layout"],
          "fullName": "DashboardFilters styling and layout applies responsive grid layout",
          "status": "passed",
          "title": "applies responsive grid layout",
          "duration": 3.0400830000003225,
          "failureMessages": [],
          "meta": {}
        },
        {
          "ancestorTitles": ["DashboardFilters", "styling and layout"],
          "fullName": "DashboardFilters styling and layout applies correct styling to inputs",
          "status": "passed",
          "title": "applies correct styling to inputs",
          "duration": 3.512583000000177,
          "failureMessages": [],
          "meta": {}
        },
        {
          "ancestorTitles": ["DashboardFilters", "styling and layout"],
          "fullName": "DashboardFilters styling and layout applies error styling when there is an error",
          "status": "passed",
          "title": "applies error styling when there is an error",
          "duration": 3.1531660000000556,
          "failureMessages": [],
          "meta": {}
        },
        {
          "ancestorTitles": ["DashboardFilters", "styling and layout"],
          "fullName": "DashboardFilters styling and layout shows chevron icon in select",
          "status": "passed",
          "title": "shows chevron icon in select",
          "duration": 3.3120829999998023,
          "failureMessages": [],
          "meta": {}
        },
        {
          "ancestorTitles": ["DashboardFilters", "complex scenarios"],
          "fullName": "DashboardFilters complex scenarios handles all props together",
          "status": "passed",
          "title": "handles all props together",
          "duration": 6.7390409999998155,
          "failureMessages": [],
          "meta": {}
        },
        {
          "ancestorTitles": ["DashboardFilters", "complex scenarios"],
          "fullName": "DashboardFilters complex scenarios maintains filter state across interactions",
          "status": "passed",
          "title": "maintains filter state across interactions",
          "duration": 12.393290999999863,
          "failureMessages": [],
          "meta": {}
        },
        {
          "ancestorTitles": ["DashboardFilters", "complex scenarios"],
          "fullName": "DashboardFilters complex scenarios handles empty apps array with error",
          "status": "passed",
          "title": "handles empty apps array with error",
          "duration": 3.6959579999997914,
          "failureMessages": [],
          "meta": {}
        }
      ],
      "startTime": 1750266842744,
      "endTime": 1750266842932.696,
      "status": "passed",
      "message": "",
      "name": "/Users/steipete/Projects/stats-store/tests/components/dashboard-filters.test.tsx"
    },
    {
      "assertionResults": [
        {
          "ancestorTitles": ["KpiCardSimple", "basic rendering"],
          "fullName": "KpiCardSimple basic rendering renders with required props",
          "status": "passed",
          "title": "renders with required props",
          "duration": 17.189959000000044,
          "failureMessages": [],
          "meta": {}
        },
        {
          "ancestorTitles": ["KpiCardSimple", "basic rendering"],
          "fullName": "KpiCardSimple basic rendering renders with numeric value",
          "status": "passed",
          "title": "renders with numeric value",
          "duration": 1.94724999999994,
          "failureMessages": [],
          "meta": {}
        },
        {
          "ancestorTitles": ["KpiCardSimple", "basic rendering"],
          "fullName": "KpiCardSimple basic rendering renders icon component",
          "status": "passed",
          "title": "renders icon component",
          "duration": 2.091415999999981,
          "failureMessages": [],
          "meta": {}
        },
        {
          "ancestorTitles": ["KpiCardSimple", "icon customization"],
          "fullName": "KpiCardSimple icon customization renders with custom icon color",
          "status": "passed",
          "title": "renders with custom icon color",
          "duration": 1.6432079999999587,
          "failureMessages": [],
          "meta": {}
        },
        {
          "ancestorTitles": ["KpiCardSimple", "icon customization"],
          "fullName": "KpiCardSimple icon customization renders with icon variant prop",
          "status": "passed",
          "title": "renders with icon variant prop",
          "duration": 1.5142919999998412,
          "failureMessages": [],
          "meta": {}
        },
        {
          "ancestorTitles": ["KpiCardSimple", "error state"],
          "fullName": "KpiCardSimple error state renders normal icon when error is true but no errorIcon provided",
          "status": "passed",
          "title": "renders normal icon when error is true but no errorIcon provided",
          "duration": 1.81899999999996,
          "failureMessages": [],
          "meta": {}
        },
        {
          "ancestorTitles": ["KpiCardSimple", "error state"],
          "fullName": "KpiCardSimple error state renders error icon when error is true and errorIcon is provided",
          "status": "passed",
          "title": "renders error icon when error is true and errorIcon is provided",
          "duration": 1.5860000000000127,
          "failureMessages": [],
          "meta": {}
        },
        {
          "ancestorTitles": ["KpiCardSimple", "error state"],
          "fullName": "KpiCardSimple error state renders normal icon when error is false even with errorIcon provided",
          "status": "passed",
          "title": "renders normal icon when error is false even with errorIcon provided",
          "duration": 1.3356670000000577,
          "failureMessages": [],
          "meta": {}
        },
        {
          "ancestorTitles": ["KpiCardSimple", "tooltip functionality"],
          "fullName": "KpiCardSimple tooltip functionality adds tooltip to card when provided",
          "status": "passed",
          "title": "adds tooltip to card when provided",
          "duration": 2.04041600000005,
          "failureMessages": [],
[...]
        "6": { "start": { "line": 7, "column": 0 }, "end": { "line": 7, "column": 55 } },
        "8": { "start": { "line": 9, "column": 0 }, "end": { "line": 9, "column": 45 } },
        "10": { "start": { "line": 11, "column": 0 }, "end": { "line": 11, "column": 55 } },
        "12": { "start": { "line": 13, "column": 0 }, "end": { "line": 13, "column": 53 } },
        "14": { "start": { "line": 15, "column": 0 }, "end": { "line": 15, "column": 44 } },
        "17": { "start": { "line": 18, "column": 0 }, "end": { "line": 18, "column": 37 } },
        "18": { "start": { "line": 19, "column": 0 }, "end": { "line": 19, "column": 31 } },
        "19": { "start": { "line": 20, "column": 0 }, "end": { "line": 20, "column": 18 } },
        "20": { "start": { "line": 21, "column": 0 }, "end": { "line": 21, "column": 160 } },
        "21": { "start": { "line": 22, "column": 0 }, "end": { "line": 22, "column": 15 } },
        "22": { "start": { "line": 23, "column": 0 }, "end": { "line": 23, "column": 6 } },
        "23": { "start": { "line": 24, "column": 0 }, "end": { "line": 24, "column": 14 } },
        "24": { "start": { "line": 25, "column": 0 }, "end": { "line": 25, "column": 13 } },
        "25": { "start": { "line": 26, "column": 0 }, "end": { "line": 26, "column": 4 } },
        "26": { "start": { "line": 27, "column": 0 }, "end": { "line": 27, "column": 2 } },
        "27": { "start": { "line": 28, "column": 0 }, "end": { "line": 28, "column": 73 } },
        "29": { "start": { "line": 30, "column": 0 }, "end": { "line": 30, "column": 44 } },
        "32": { "start": { "line": 33, "column": 0 }, "end": { "line": 33, "column": 37 } },
        "33": { "start": { "line": 34, "column": 0 }, "end": { "line": 34, "column": 21 } },
        "34": { "start": { "line": 35, "column": 0 }, "end": { "line": 35, "column": 26 } },
        "35": { "start": { "line": 36, "column": 0 }, "end": { "line": 36, "column": 33 } },
        "36": { "start": { "line": 37, "column": 0 }, "end": { "line": 37, "column": 15 } },
        "37": { "start": { "line": 38, "column": 0 }, "end": { "line": 38, "column": 20 } },
        "38": { "start": { "line": 39, "column": 0 }, "end": { "line": 39, "column": 518 } },
        "39": { "start": { "line": 40, "column": 0 }, "end": { "line": 40, "column": 17 } },
        "40": { "start": { "line": 41, "column": 0 }, "end": { "line": 41, "column": 8 } },
        "41": { "start": { "line": 42, "column": 0 }, "end": { "line": 42, "column": 16 } },
        "42": { "start": { "line": 43, "column": 0 }, "end": { "line": 43, "column": 6 } },
        "43": { "start": { "line": 44, "column": 0 }, "end": { "line": 44, "column": 22 } },
        "44": { "start": { "line": 45, "column": 0 }, "end": { "line": 45, "column": 2 } },
        "45": { "start": { "line": 46, "column": 0 }, "end": { "line": 46, "column": 73 } },
        "47": { "start": { "line": 48, "column": 0 }, "end": { "line": 48, "column": 94 } },
        "48": { "start": { "line": 49, "column": 0 }, "end": { "line": 49, "column": 98 } },
        "50": { "start": { "line": 51, "column": 0 }, "end": { "line": 51, "column": 51 } },
        "52": { "start": { "line": 53, "column": 0 }, "end": { "line": 53, "column": 94 } },
        "53": { "start": { "line": 54, "column": 0 }, "end": { "line": 54, "column": 111 } },
        "55": { "start": { "line": 56, "column": 0 }, "end": { "line": 56, "column": 51 } },
        "57": { "start": { "line": 58, "column": 0 }, "end": { "line": 58, "column": 42 } },
        "60": { "start": { "line": 61, "column": 0 }, "end": { "line": 61, "column": 37 } },
        "61": { "start": { "line": 62, "column": 0 }, "end": { "line": 62, "column": 104 } },
        "62": { "start": { "line": 63, "column": 0 }, "end": { "line": 63, "column": 2 } },
        "63": { "start": { "line": 64, "column": 0 }, "end": { "line": 64, "column": 69 } },
        "65": { "start": { "line": 66, "column": 0 }, "end": { "line": 66, "column": 48 } },
        "68": { "start": { "line": 69, "column": 0 }, "end": { "line": 69, "column": 37 } },
        "69": { "start": { "line": 70, "column": 0 }, "end": { "line": 70, "column": 118 } },
        "70": { "start": { "line": 71, "column": 0 }, "end": { "line": 71, "column": 2 } },
        "71": { "start": { "line": 72, "column": 0 }, "end": { "line": 72, "column": 81 } },
        "73": { "start": { "line": 74, "column": 0 }, "end": { "line": 74, "column": 43 } },
        "76": { "start": { "line": 77, "column": 0 }, "end": { "line": 77, "column": 37 } },
        "77": { "start": { "line": 78, "column": 0 }, "end": { "line": 78, "column": 98 } },
        "78": { "start": { "line": 79, "column": 0 }, "end": { "line": 79, "column": 2 } },
        "79": { "start": { "line": 80, "column": 0 }, "end": { "line": 80, "column": 71 } },
        "81": { "start": { "line": 82, "column": 0 }, "end": { "line": 82, "column": 43 } },
        "84": { "start": { "line": 85, "column": 0 }, "end": { "line": 85, "column": 37 } },
        "85": { "start": { "line": 86, "column": 0 }, "end": { "line": 86, "column": 30 } },
        "86": { "start": { "line": 87, "column": 0 }, "end": { "line": 87, "column": 13 } },
        "87": { "start": { "line": 88, "column": 0 }, "end": { "line": 88, "column": 85 } },
        "88": { "start": { "line": 89, "column": 0 }, "end": { "line": 89, "column": 14 } },
        "89": { "start": { "line": 90, "column": 0 }, "end": { "line": 90, "column": 4 } },
        "90": { "start": { "line": 91, "column": 0 }, "end": { "line": 91, "column": 2 } },
        "91": { "start": { "line": 92, "column": 0 }, "end": { "line": 92, "column": 71 } }
      },
      "s": {
        "2": 0,
        "3": 0,
        "5": 0,
        "6": 0,
        "8": 0,
        "10": 0,
        "12": 0,
        "14": 0,
        "17": 0,
        "18": 0,
        "19": 0,
        "20": 0,
        "21": 0,
        "22": 0,
        "23": 0,
        "24": 0,
        "25": 0,
        "26": 0,
        "27": 0,
        "29": 0,
        "32": 0,
        "33": 0,
        "34": 0,
        "35": 0,
        "36": 0,
        "37": 0,
        "38": 0,
        "39": 0,
        "40": 0,
        "41": 0,
        "42": 0,
        "43": 0,
        "44": 0,
        "45": 0,
        "47": 0,
        "48": 0,
        "50": 0,
        "52": 0,
        "53": 0,
        "55": 0,
        "57": 0,
        "60": 0,
        "61": 0,
        "62": 0,
        "63": 0,
        "65": 0,
        "68": 0,
        "69": 0,
        "70": 0,
        "71": 0,
        "73": 0,
        "76": 0,
        "77": 0,
        "78": 0,
        "79": 0,
        "81": 0,
        "84": 0,
        "85": 0,
        "86": 0,
        "87": 0,
        "88": 0,
        "89": 0,
        "90": 0,
        "91": 0
      },
      "branchMap": {
        "0": {
          "type": "branch",
          "line": 1,
          "loc": { "start": { "line": 1, "column": 4301 }, "end": { "line": 106, "column": 1 } },
          "locations": [{ "start": { "line": 1, "column": 4301 }, "end": { "line": 106, "column": 1 } }]
        }
      },
      "b": { "0": [1] },
      "fnMap": {
        "0": {
          "name": "(empty-report)",
          "decl": { "start": { "line": 1, "column": 4301 }, "end": { "line": 106, "column": 1 } },
          "loc": { "start": { "line": 1, "column": 4301 }, "end": { "line": 106, "column": 1 } },
          "line": 1
        }
      },
      "f": { "0": 1 }
    },
    "/Users/steipete/Projects/stats-store/components/ui/accordion.tsx": {
      "path": "/Users/steipete/Projects/stats-store/components/ui/accordion.tsx",
      "all": true,
      "statementMap": {
        "2": { "start": { "line": 3, "column": 0 }, "end": { "line": 3, "column": 30 } },
        "3": { "start": { "line": 4, "column": 0 }, "end": { "line": 4, "column": 63 } },
        "4": { "start": { "line": 5, "column": 0 }, "end": { "line": 5, "column": 42 } },
        "6": { "start": { "line": 7, "column": 0 }, "end": { "line": 7, "column": 32 } },
        "8": { "start": { "line": 9, "column": 0 }, "end": { "line": 9, "column": 41 } },
        "10": { "start": { "line": 11, "column": 0 }, "end": { "line": 11, "column": 39 } },
        "13": { "start": { "line": 14, "column": 0 }, "end": { "line": 14, "column": 37 } },
        "14": { "start": { "line": 15, "column": 0 }, "end": { "line": 15, "column": 88 } },
        "15": { "start": { "line": 16, "column": 0 }, "end": { "line": 16, "column": 2 } },
        "16": { "start": { "line": 17, "column": 0 }, "end": { "line": 17, "column": 43 } },
        "18": { "start": { "line": 19, "column": 0 }, "end": { "line": 19, "column": 42 } },
        "21": { "start": { "line": 22, "column": 0 }, "end": { "line": 22, "column": 47 } },
        "22": { "start": { "line": 23, "column": 0 }, "end": { "line": 23, "column": 46 } },
        "23": { "start": { "line": 24, "column": 0 }, "end": { "line": 24, "column": 31 } },
        "24": { "start": { "line": 25, "column": 0 }, "end": { "line": 25, "column": 15 } },
        "25": { "start": { "line": 26, "column": 0 }, "end": { "line": 26, "column": 20 } },
        "26": { "start": { "line": 27, "column": 0 }, "end": { "line": 27, "column": 135 } },
        "27": { "start": { "line": 28, "column": 0 }, "end": { "line": 28, "column": 17 } },
        "28": { "start": { "line": 29, "column": 0 }, "end": { "line": 29, "column": 8 } },
        "29": { "start": { "line": 30, "column": 0 }, "end": { "line": 30, "column": 16 } },
        "31": { "start": { "line": 32, "column": 0 }, "end": { "line": 32, "column": 16 } },
        "32": { "start": { "line": 33, "column": 0 }, "end": { "line": 33, "column": 84 } },
        "33": { "start": { "line": 34, "column": 0 }, "end": { "line": 34, "column": 33 } },
        "34": { "start": { "line": 35, "column": 0 }, "end": { "line": 35, "column": 30 } },
        "35": { "start": { "line": 36, "column": 0 }, "end": { "line": 36, "column": 2 } },
        "36": { "start": { "line": 37, "column": 0 }, "end": { "line": 37, "column": 69 } },
        "38": { "start": { "line": 39, "column": 0 }, "end": { "line": 39, "column": 42 } },
        "41": { "start": { "line": 42, "column": 0 }, "end": { "line": 42, "column": 47 } },
        "42": { "start": { "line": 43, "column": 0 }, "end": { "line": 43, "column": 29 } },
        "43": { "start": { "line": 44, "column": 0 }, "end": { "line": 44, "column": 13 } },
        "44": { "start": { "line": 45, "column": 0 }, "end": { "line": 45, "column": 136 } },
        "45": { "start": { "line": 46, "column": 0 }, "end": { "line": 46, "column": 14 } },
        "47": { "start": { "line": 48, "column": 0 }, "end": { "line": 48, "column": 64 } },
        "48": { "start": { "line": 49, "column": 0 }, "end": { "line": 49, "column": 31 } },
        "49": { "start": { "line": 50, "column": 0 }, "end": { "line": 50, "column": 2 } },
        "51": { "start": { "line": 52, "column": 0 }, "end": { "line": 52, "column": 69 } }
      },
      "s": {
        "2": 0,
        "3": 0,
        "4": 0,
        "6": 0,
        "8": 0,
        "10": 0,
        "13": 0,
        "14": 0,
        "15": 0,
        "16": 0,
        "18": 0,
        "21": 0,
        "22": 0,
        "23": 0,
        "24": 0,
        "25": 0,
        "26": 0,
        "27": 0,
        "28": 0,
        "29": 0,
        "31": 0,
        "32": 0,
        "33": 0,
        "34": 0,
        "35": 0,
        "36": 0,
        "38": 0,
        "41": 0,
        "42": 0,
        "43": 0,
        "44": 0,
        "45": 0,
        "47": 0,
        "48": 0,
        "49": 0,
        "51": 0
      },
      "branchMap": {
        "0": {
          "type": "branch",
          "line": 1,
          "loc": { "start": { "line": 1, "column": 1976 }, "end": { "line": 54, "column": 71 } },
          "locations": [{ "start": { "line": 1, "column": 1976 }, "end": { "line": 54, "column": 71 } }]
        }
      },
      "b": { "0": [1] },
      "fnMap": {
        "0": {
          "name": "(empty-report)",
          "decl": { "start": { "line": 1, "column": 1976 }, "end": { "line": 54, "column": 71 } },
          "loc": { "start": { "line": 1, "column": 1976 }, "end": { "line": 54, "column": 71 } },
          "line": 1
        }
      },
      "f": { "0": 1 }
    },
    "/Users/steipete/Projects/stats-store/app/api/v1/ingest/route.ts": {
      "path": "/Users/steipete/Projects/stats-store/app/api/v1/ingest/route.ts",
      "all": true,
      "statementMap": {
        "0": { "start": { "line": 1, "column": 0 }, "end": { "line": 1, "column": 60 } },
        "1": { "start": { "line": 2, "column": 0 }, "end": { "line": 2, "column": 66 } },
        "2": { "start": { "line": 3, "column": 0 }, "end": { "line": 3, "column": 35 } },
        "16": { "start": { "line": 17, "column": 0 }, "end": { "line": 17, "column": 65 } },
        "17": { "start": { "line": 18, "column": 0 }, "end": { "line": 18, "column": 32 } },
        "18": { "start": { "line": 19, "column": 0 }, "end": { "line": 19, "column": 44 } },
        "19": { "start": { "line": 20, "column": 0 }, "end": { "line": 20, "column": 45 } },
        "20": { "start": { "line": 21, "column": 0 }, "end": { "line": 21, "column": 18 } },
        "21": { "start": { "line": 22, "column": 0 }, "end": { "line": 22, "column": 1 } },
        "23": { "start": { "line": 24, "column": 0 }, "end": { "line": 24, "column": 61 } },
        "24": { "start": { "line": 25, "column": 0 }, "end": { "line": 25, "column": 71 } },
        "25": { "start": { "line": 26, "column": 0 }, "end": { "line": 26, "column": 19 } },
        "26": { "start": { "line": 27, "column": 0 }, "end": { "line": 27, "column": 49 } },
        "27": { "start": { "line": 28, "column": 0 }, "end": { "line": 28, "column": 27 } },
        "28": { "start": { "line": 29, "column": 0 }, "end": { "line": 29, "column": 21 } },
        "29": { "start": { "line": 30, "column": 0 }, "end": { "line": 30, "column": 1 } },
        "31": { "start": { "line": 32, "column": 0 }, "end": { "line": 32, "column": 50 } },
        "32": { "start": { "line": 33, "column": 0 }, "end": { "line": 33, "column": 7 } },
        "33": { "start": { "line": 34, "column": 0 }, "end": { "line": 34, "column": 66 } },
        "34": { "start": { "line": 35, "column": 0 }, "end": { "line": 35, "column": 57 } },
        "36": { "start": { "line": 37, "column": 0 }, "end": { "line": 37, "column": 36 } },
        "37": { "start": { "line": 38, "column": 0 }, "end": { "line": 38, "column": 86 } },
        "38": { "start": { "line": 39, "column": 0 }, "end": { "line": 39, "column": 5 } },
        "40": { "start": { "line": 41, "column": 0 }, "end": { "line": 41, "column": 49 } },
        "42": { "start": { "line": 43, "column": 0 }, "end": { "line": 43, "column": 57 } },
        "43": { "start": { "line": 44, "column": 0 }, "end": { "line": 44, "column": 19 } },
        "44": { "start": { "line": 45, "column": 0 }, "end": { "line": 45, "column": 19 } },
        "45": { "start": { "line": 46, "column": 0 }, "end": { "line": 46, "column": 56 } },
        "46": { "start": { "line": 47, "column": 0 }, "end": { "line": 47, "column": 15 } },
        "48": { "start": { "line": 49, "column": 0 }, "end": { "line": 49, "column": 27 } },
        "49": { "start": { "line": 50, "column": 0 }, "end": { "line": 50, "column": 120 } },
        "50": { "start": { "line": 51, "column": 0 }, "end": { "line": 51, "column": 92 } },
        "51": { "start": { "line": 52, "column": 0 }, "end": { "line": 52, "column": 5 } },
        "53": { "start": { "line": 54, "column": 0 }, "end": { "line": 54, "column": 59 } },
        "54": { "start": { "line": 55, "column": 0 }, "end": { "line": 55, "column": 39 } },
        "55": { "start": { "line": 56, "column": 0 }, "end": { "line": 56, "column": 35 } },
        "56": { "start": { "line": 57, "column": 0 }, "end": { "line": 57, "column": 20 } },
        "58": { "start": { "line": 59, "column": 0 }, "end": { "line": 59, "column": 24 } },
        "59": { "start": { "line": 60, "column": 0 }, "end": { "line": 60, "column": 21 } },
        "60": { "start": { "line": 61, "column": 0 }, "end": { "line": 61, "column": 22 } },
        "61": { "start": { "line": 62, "column": 0 }, "end": { "line": 62, "column": 46 } },
        "62": { "start": { "line": 63, "column": 0 }, "end": { "line": 63, "column": 44 } },
        "63": { "start": { "line": 64, "column": 0 }, "end": { "line": 64, "column": 50 } },
        "64": { "start": { "line": 65, "column": 0 }, "end": { "line": 65, "column": 74 } },
        "65": { "start": { "line": 66, "column": 0 }, "end": { "line": 66, "column": 37 } },
        "66": { "start": { "line": 67, "column": 0 }, "end": { "line": 67, "column": 46 } },
        "67": { "start": { "line": 68, "column": 0 }, "end": { "line": 68, "column": 72 } },
        "68": { "start": { "line": 69, "column": 0 }, "end": { "line": 69, "column": 5 } },
        "70": { "start": { "line": 71, "column": 0 }, "end": { "line": 71, "column": 84 } },
        "72": { "start": { "line": 73, "column": 0 }, "end": { "line": 73, "column": 22 } },
        "73": { "start": { "line": 74, "column": 0 }, "end": { "line": 74, "column": 59 } },
        "74": { "start": { "line": 75, "column": 0 }, "end": { "line": 75, "column": 84 } },
        "75": { "start": { "line": 76, "column": 0 }, "end": { "line": 76, "column": 5 } },
        "77": { "start": { "line": 78, "column": 0 }, "end": { "line": 78, "column": 77 } },
        "78": { "start": { "line": 79, "column": 0 }, "end": { "line": 79, "column": 19 } },
        "79": { "start": { "line": 80, "column": 0 }, "end": { "line": 80, "column": 45 } },
        "80": { "start": { "line": 81, "column": 0 }, "end": { "line": 81, "column": 39 } },
        "81": { "start": { "line": 82, "column": 0 }, "end": { "line": 82, "column": 82 } },
        "82": { "start": { "line": 83, "column": 0 }, "end": { "line": 83, "column": 5 } },
        "83": { "start": { "line": 84, "column": 0 }, "end": { "line": 84, "column": 81 } },
        "84": { "start": { "line": 85, "column": 0 }, "end": { "line": 85, "column": 3 } },
        "85": { "start": { "line": 86, "column": 0 }, "end": { "line": 86, "column": 1 } }
      },
      "s": {
        "0": 0,
        "1": 0,
        "2": 0,
        "16": 0,
        "17": 0,
        "18": 0,
        "19": 0,
        "20": 0,
        "21": 0,
        "23": 0,
        "24": 0,
        "25": 0,
        "26": 0,
        "27": 0,
        "28": 0,
        "29": 0,
        "31": 0,
        "32": 0,
        "33": 0,
        "34": 0,
        "36": 0,
        "37": 0,
        "38": 0,
        "40": 0,
        "42": 0,
        "43": 0,
        "44": 0,
        "45": 0,
        "46": 0,
        "48": 0,
        "49": 0,
        "50": 0,
        "51": 0,
        "53": 0,
        "54": 0,
        "55": 0,
        "56": 0,
        "58": 0,
        "59": 0,
        "60": 0,
        "61": 0,
        "62": 0,
        "63": 0,
        "64": 0,
        "65": 0,
        "66": 0,
        "67": 0,
        "68": 0,
        "70": 0,
        "72": 0,
        "73": 0,
        "74": 0,
        "75": 0,
        "77": 0,
        "78": 0,
        "79": 0,
        "80": 0,
        "81": 0,
        "82": 0,
        "83": 0,
        "84": 0,
        "85": 0
      },
      "branchMap": {
        "0": {
          "type": "branch",
          "line": 1,
          "loc": { "start": { "line": 1, "column": 2859 }, "end": { "line": 86, "column": 1 } },
          "locations": [{ "start": { "line": 1, "column": 2859 }, "end": { "line": 86, "column": 1 } }]
        }
      },
      "b": { "0": [0] },
      "fnMap": {
        "0": {
          "name": "(empty-report)",
          "decl": { "start": { "line": 1, "column": 2859 }, "end": { "line": 86, "column": 1 } },
          "loc": { "start": { "line": 1, "column": 2859 }, "end": { "line": 86, "column": 1 } },
          "line": 1
        }
      },
      "f": { "0": 0 }
    }
  }
}
